{"meta": {"format": 3, "version": "7.13.4", "timestamp": "2026-03-14T23:20:59.509099", "branch_coverage": true, "show_contexts": false}, "files": {"src/sts_monitor/__init__.py": {"executed_lines": [14, 15, 16, 17, 22, 24], "summary": {"covered_lines": 6, "num_statements": 6, "percent_covered": 100.0, "percent_covered_display": "100", "missing_lines": 0, "excluded_lines": 0, "percent_statements_covered": 100.0, "percent_statements_covered_display": "100", "num_branches": 0, "num_partial_branches": 0, "covered_branches": 0, "missing_branches": 0, "percent_branches_covered": 100.0, "percent_branches_covered_display": "100"}, "missing_lines": [], "excluded_lines": [], "executed_branches": [], "missing_branches": [], "functions": {"": {"executed_lines": [14, 15, 16, 17, 22, 24], "summary": {"covered_lines": 6, "num_statements": 6, "percent_covered": 100.0, "percent_covered_display": "100", "missing_lines": 0, "excluded_lines": 0, "percent_statements_covered": 100.0, "percent_statements_covered_display": "100", "num_branches": 0, "num_partial_branches": 0, "covered_branches": 0, "missing_branches": 0, "percent_branches_covered": 100.0, "percent_branches_covered_display": "100"}, "missing_lines": [], "excluded_lines": [], "start_line": 1, "executed_branches": [], "missing_branches": []}}, "classes": {"": {"executed_lines": [14, 15, 16, 17, 22, 24], "summary": {"covered_lines": 6, "num_statements": 6, "percent_covered": 100.0, "percent_covered_display": "100", "missing_lines": 0, "excluded_lines": 0, "percent_statements_covered": 100.0, "percent_statements_covered_display": "100", "num_branches": 0, "num_partial_branches": 0, "covered_branches": 0, "missing_branches": 0, "percent_branches_covered": 100.0, "percent_branches_covered_display": "100"}, "missing_lines": [], "excluded_lines": [], "start_line": 1, "executed_branches": [], "missing_branches": []}}}, "src/sts_monitor/__main__.py": {"executed_lines": [12, 14, 15, 16, 17, 20, 21, 22, 31, 32, 33, 35, 41, 48, 50, 51, 66, 67, 68, 70, 71, 72, 73, 75, 80, 81, 82, 83, 86, 87, 88, 89, 90, 91, 92, 93, 95, 96, 97, 100, 101, 104, 111, 113, 114, 116, 118, 121, 123, 124, 125, 127, 128, 129, 130, 131, 133, 134, 135, 137, 138, 139, 140, 141, 142, 144, 145, 146, 147, 149, 150, 151, 152, 154, 155, 156, 157, 162, 163, 164, 166, 167, 168, 170, 176, 178, 179, 180, 181, 182, 183, 185, 186, 187, 188, 190, 191, 200, 205, 206, 208, 213, 214, 215, 216, 217, 219, 224, 225, 226, 232, 237, 238, 242, 244, 247, 248, 249, 250, 251, 252, 253, 254, 257, 258, 259, 260, 263, 264, 265, 266, 269, 270, 271, 274, 275, 276, 277, 279, 282, 283, 284, 285, 287, 288, 289, 291, 299, 300, 301, 303, 304, 307], "summary": {"covered_lines": 153, "num_statements": 154, "percent_covered": 98.96907216494846, "percent_covered_display": "99", "missing_lines": 1, "excluded_lines": 0, "percent_statements_covered": 99.35064935064935, "percent_statements_covered_display": "99", "num_branches": 40, "num_partial_branches": 1, "covered_branches": 39, "missing_branches": 1, "percent_branches_covered": 97.5, "percent_branches_covered_display": "98"}, "missing_lines": [308], "excluded_lines": [], "executed_branches": [[50, 51], [50, 70], [66, 67], [66, 68], [70, 71], [70, 75], [88, 89], [88, 95], [95, 96], [95, 100], [113, 114], [113, 116], [128, 129], [128, 130], [130, 131], [130, 133], [138, 139], [138, 144], [141, 138], [141, 142], [144, 145], [144, 149], [146, 147], [146, 149], [154, 155], [154, 156], [156, -121], [156, 157], [185, 186], [185, 190], [187, 185], [187, 188], [190, 191], [190, 200], [287, 288], [287, 291], [300, 301], [300, 303], [307, -1]], "missing_branches": [[307, 308]], "functions": {"_setup_logging": {"executed_lines": [21, 22], "summary": {"covered_lines": 2, "num_statements": 2, "percent_covered": 100.0, "percent_covered_display": "100", "missing_lines": 0, "excluded_lines": 0, "percent_statements_covered": 100.0, "percent_statements_covered_display": "100", "num_branches": 0, "num_partial_branches": 0, "covered_branches": 0, "missing_branches": 0, "percent_branches_covered": 100.0, "percent_branches_covered_display": "100"}, "missing_lines": [], "excluded_lines": [], "start_line": 20, "executed_branches": [], "missing_branches": []}, "cmd_cycle": {"executed_lines": [32, 33, 35, 41, 48, 50, 51, 66, 67, 68, 70, 71, 72, 73, 75], "summary": {"covered_lines": 15, "num_statements": 15, "percent_covered": 100.0, "percent_covered_display": "100", "missing_lines": 0, "excluded_lines": 0, "percent_statements_covered": 100.0, "percent_statements_covered_display": "100", "num_branches": 6, "num_partial_branches": 0, "covered_branches": 6, "missing_branches": 0, "percent_branches_covered": 100.0, "percent_branches_covered_display": "100"}, "missing_lines": [], "excluded_lines": [], "start_line": 31, "executed_branches": [[50, 51], [50, 70], [66, 67], [66, 68], [70, 71], [70, 75]], "missing_branches": []}, "cmd_deep_truth": {"executed_lines": [81, 82, 83, 86, 87, 88, 89, 90, 91, 92, 93, 95, 96, 97, 100, 101, 104, 111, 113, 114, 116, 118], "summary": {"covered_lines": 22, "num_statements": 22, "percent_covered": 100.0, "percent_covered_display": "100", "missing_lines": 0, "excluded_lines": 0, "percent_statements_covered": 100.0, "percent_statements_covered_display": "100", "num_branches": 6, "num_partial_branches": 0, "covered_branches": 6, "missing_branches": 0, "percent_branches_covered": 100.0, "percent_branches_covered_display": "100"}, "missing_lines": [], "excluded_lines": [], "start_line": 80, "executed_branches": [[88, 89], [88, 95], [95, 96], [95, 100], [113, 114], [113, 116]], "missing_branches": []}, "_print_deep_truth": {"executed_lines": [123, 124, 125, 127, 128, 129, 130, 131, 133, 134, 135, 137, 138, 139, 140, 141, 142, 144, 145, 146, 147, 149, 150, 151, 152, 154, 155, 156, 157], "summary": {"covered_lines": 29, "num_statements": 29, "percent_covered": 100.0, "percent_covered_display": "100", "missing_lines": 0, "excluded_lines": 0, "percent_statements_covered": 100.0, "percent_statements_covered_display": "100", "num_branches": 16, "num_partial_branches": 0, "covered_branches": 16, "missing_branches": 0, "percent_branches_covered": 100.0, "percent_branches_covered_display": "100"}, "missing_lines": [], "excluded_lines": [], "start_line": 121, "executed_branches": [[128, 129], [128, 130], [130, 131], [130, 133], [138, 139], [138, 144], [141, 138], [141, 142], [144, 145], [144, 149], [146, 147], [146, 149], [154, 155], [154, 156], [156, -121], [156, 157]], "missing_branches": []}, "cmd_surge": {"executed_lines": [163, 164, 166, 167, 168, 170, 176, 178, 179, 180, 181, 182, 183, 185, 186, 187, 188, 190, 191, 200], "summary": {"covered_lines": 20, "num_statements": 20, "percent_covered": 100.0, "percent_covered_display": "100", "missing_lines": 0, "excluded_lines": 0, "percent_statements_covered": 100.0, "percent_statements_covered_display": "100", "num_branches": 6, "num_partial_branches": 0, "covered_branches": 6, "missing_branches": 0, "percent_branches_covered": 100.0, "percent_branches_covered_display": "100"}, "missing_lines": [], "excluded_lines": [], "start_line": 162, "executed_branches": [[185, 186], [185, 190], [187, 185], [187, 188], [190, 191], [190, 200]], "missing_branches": []}, "cmd_retention": {"executed_lines": [206, 208, 213, 214, 215, 216, 217, 219], "summary": {"covered_lines": 8, "num_statements": 8, "percent_covered": 100.0, "percent_covered_display": "100", "missing_lines": 0, "excluded_lines": 0, "percent_statements_covered": 100.0, "percent_statements_covered_display": "100", "num_branches": 0, "num_partial_branches": 0, "covered_branches": 0, "missing_branches": 0, "percent_branches_covered": 100.0, "percent_branches_covered_display": "100"}, "missing_lines": [], "excluded_lines": [], "start_line": 205, "executed_branches": [], "missing_branches": []}, "cmd_serve": {"executed_lines": [225, 226, 232], "summary": {"covered_lines": 3, "num_statements": 3, "percent_covered": 100.0, "percent_covered_display": "100", "missing_lines": 0, "excluded_lines": 0, "percent_statements_covered": 100.0, "percent_statements_covered_display": "100", "num_branches": 0, "num_partial_branches": 0, "covered_branches": 0, "missing_branches": 0, "percent_branches_covered": 100.0, "percent_branches_covered_display": "100"}, "missing_lines": [], "excluded_lines": [], "start_line": 224, "executed_branches": [], "missing_branches": []}, "build_parser": {"executed_lines": [238, 242, 244, 247, 248, 249, 250, 251, 252, 253, 254, 257, 258, 259, 260, 263, 264, 265, 266, 269, 270, 271, 274, 275, 276, 277, 279], "summary": {"covered_lines": 27, "num_statements": 27, "percent_covered": 100.0, "percent_covered_display": "100", "missing_lines": 0, "excluded_lines": 0, "percent_statements_covered": 100.0, "percent_statements_covered_display": "100", "num_branches": 0, "num_partial_branches": 0, "covered_branches": 0, "missing_branches": 0, "percent_branches_covered": 100.0, "percent_branches_covered_display": "100"}, "missing_lines": [], "excluded_lines": [], "start_line": 237, "executed_branches": [], "missing_branches": []}, "main": {"executed_lines": [283, 284, 285, 287, 288, 289, 291, 299, 300, 301, 303, 304], "summary": {"covered_lines": 12, "num_statements": 12, "percent_covered": 100.0, "percent_covered_display": "100", "missing_lines": 0, "excluded_lines": 0, "percent_statements_covered": 100.0, "percent_statements_covered_display": "100", "num_branches": 4, "num_partial_branches": 0, "covered_branches": 4, "missing_branches": 0, "percent_branches_covered": 100.0, "percent_branches_covered_display": "100"}, "missing_lines": [], "excluded_lines": [], "start_line": 282, "executed_branches": [[287, 288], [287, 291], [300, 301], [300, 303]], "missing_branches": []}, "": {"executed_lines": [12, 14, 15, 16, 17, 20, 31, 80, 121, 162, 205, 224, 237, 282, 307], "summary": {"covered_lines": 15, "num_statements": 16, "percent_covered": 88.88888888888889, "percent_covered_display": "89", "missing_lines": 1, "excluded_lines": 0, "percent_statements_covered": 93.75, "percent_statements_covered_display": "94", "num_branches": 2, "num_partial_branches": 1, "covered_branches": 1, "missing_branches": 1, "percent_branches_covered": 50.0, "percent_branches_covered_display": "50"}, "missing_lines": [308], "excluded_lines": [], "start_line": 1, "executed_branches": [[307, -1]], "missing_branches": [[307, 308]]}}, "classes": {"": {"executed_lines": [12, 14, 15, 16, 17, 20, 21, 22, 31, 32, 33, 35, 41, 48, 50, 51, 66, 67, 68, 70, 71, 72, 73, 75, 80, 81, 82, 83, 86, 87, 88, 89, 90, 91, 92, 93, 95, 96, 97, 100, 101, 104, 111, 113, 114, 116, 118, 121, 123, 124, 125, 127, 128, 129, 130, 131, 133, 134, 135, 137, 138, 139, 140, 141, 142, 144, 145, 146, 147, 149, 150, 151, 152, 154, 155, 156, 157, 162, 163, 164, 166, 167, 168, 170, 176, 178, 179, 180, 181, 182, 183, 185, 186, 187, 188, 190, 191, 200, 205, 206, 208, 213, 214, 215, 216, 217, 219, 224, 225, 226, 232, 237, 238, 242, 244, 247, 248, 249, 250, 251, 252, 253, 254, 257, 258, 259, 260, 263, 264, 265, 266, 269, 270, 271, 274, 275, 276, 277, 279, 282, 283, 284, 285, 287, 288, 289, 291, 299, 300, 301, 303, 304, 307], "summary": {"covered_lines": 153, "num_statements": 154, "percent_covered": 98.96907216494846, "percent_covered_display": "99", "missing_lines": 1, "excluded_lines": 0, "percent_statements_covered": 99.35064935064935, "percent_statements_covered_display": "99", "num_branches": 40, "num_partial_branches": 1, "covered_branches": 39, "missing_branches": 1, "percent_branches_covered": 97.5, "percent_branches_covered_display": "98"}, "missing_lines": [308], "excluded_lines": [], "start_line": 1, "executed_branches": [[50, 51], [50, 70], [66, 67], [66, 68], [70, 71], [70, 75], [88, 89], [88, 95], [95, 96], [95, 100], [113, 114], [113, 116], [128, 129], [128, 130], [130, 131], [130, 133], [138, 139], [138, 144], [141, 138], [141, 142], [144, 145], [144, 149], [146, 147], [146, 149], [154, 155], [154, 156], [156, -121], [156, 157], [185, 186], [185, 190], [187, 185], [187, 188], [190, 191], [190, 200], [287, 288], [287, 291], [300, 301], [300, 303], [307, -1]], "missing_branches": [[307, 308]]}}}, "src/sts_monitor/alert_engine.py": {"executed_lines": [10, 12, 13, 14, 15, 17, 20, 21, 23, 24, 25, 26, 27, 28, 29, 30, 31, 32, 34, 35, 49, 50, 52, 53, 54, 55, 56, 57, 58, 60, 61, 74, 80, 81, 85, 86, 87, 96, 99, 105, 106, 110, 111, 112, 113, 114, 115, 117, 118, 127, 130, 136, 137, 138, 142, 143, 145, 146, 147, 148, 149, 150, 151, 152, 153, 163, 164, 165, 174, 177, 183, 184, 185, 187, 188, 189, 195, 196, 197, 206, 209, 215, 217, 218, 219, 221, 222, 224, 225, 227, 228, 229, 230, 231, 232, 233, 235, 236, 238, 241, 242, 244, 245, 259, 262, 264, 265, 266, 267, 268, 269, 270, 271, 272, 277, 286, 292, 293, 295, 296, 297, 298, 300, 301, 302, 303, 305, 306, 307, 308, 311, 312, 313, 315, 316, 317, 318, 320, 325, 327], "summary": {"covered_lines": 140, "num_statements": 141, "percent_covered": 98.42931937172774, "percent_covered_display": "98", "missing_lines": 1, "excluded_lines": 0, "percent_statements_covered": 99.29078014184397, "percent_statements_covered_display": "99", "num_branches": 50, "num_partial_branches": 2, "covered_branches": 48, "missing_branches": 2, "percent_branches_covered": 96.0, "percent_branches_covered_display": "96"}, "missing_lines": [239], "excluded_lines": [], "executed_branches": [[86, 87], [86, 96], [112, 113], [112, 117], [114, 112], [114, 115], [117, 118], [117, 127], [143, 145], [143, 163], [146, 147], [146, 149], [150, 151], [150, 174], [152, 153], [152, 174], [164, 165], [164, 174], [184, 185], [184, 187], [196, 197], [196, 206], [224, 225], [224, 227], [229, 230], [229, 232], [238, 241], [244, 245], [244, 259], [264, 265], [264, 266], [266, 267], [266, 272], [292, 293], [292, 295], [296, 297], [296, 320], [297, 298], [297, 300], [300, 301], [300, 305], [302, 303], [306, 307], [306, 311], [312, 313], [312, 315], [316, 296], [316, 317]], "missing_branches": [[238, 239], [302, 305]], "functions": {"AlertRule.to_dict": {"executed_lines": [35], "summary": {"covered_lines": 1, "num_statements": 1, "percent_covered": 100.0, "percent_covered_display": "100", "missing_lines": 0, "excluded_lines": 0, "percent_statements_covered": 100.0, "percent_statements_covered_display": "100", "num_branches": 0, "num_partial_branches": 0, "covered_branches": 0, "missing_branches": 0, "percent_branches_covered": 100.0, "percent_branches_covered_display": "100"}, "missing_lines": [], "excluded_lines": [], "start_line": 34, "executed_branches": [], "missing_branches": []}, "AlertEvent.to_dict": {"executed_lines": [61], "summary": {"covered_lines": 1, "num_statements": 1, "percent_covered": 100.0, "percent_covered_display": "100", "missing_lines": 0, "excluded_lines": 0, "percent_statements_covered": 100.0, "percent_statements_covered_display": "100", "num_branches": 0, "num_partial_branches": 0, "covered_branches": 0, "missing_branches": 0, "percent_branches_covered": 100.0, "percent_branches_covered_display": "100"}, "missing_lines": [], "excluded_lines": [], "start_line": 60, "executed_branches": [], "missing_branches": []}, "_check_volume_spike": {"executed_lines": [80, 81, 85, 86, 87, 96], "summary": {"covered_lines": 6, "num_statements": 6, "percent_covered": 100.0, "percent_covered_display": "100", "missing_lines": 0, "excluded_lines": 0, "percent_statements_covered": 100.0, "percent_statements_covered_display": "100", "num_branches": 2, "num_partial_branches": 0, "covered_branches": 2, "missing_branches": 0, "percent_branches_covered": 100.0, "percent_branches_covered_display": "100"}, "missing_lines": [], "excluded_lines": [], "start_line": 74, "executed_branches": [[86, 87], [86, 96]], "missing_branches": []}, "_check_contradiction_threshold": {"executed_lines": [105, 106, 110, 111, 112, 113, 114, 115, 117, 118, 127], "summary": {"covered_lines": 11, "num_statements": 11, "percent_covered": 100.0, "percent_covered_display": "100", "missing_lines": 0, "excluded_lines": 0, "percent_statements_covered": 100.0, "percent_statements_covered_display": "100", "num_branches": 6, "num_partial_branches": 0, "covered_branches": 6, "missing_branches": 0, "percent_branches_covered": 100.0, "percent_branches_covered_display": "100"}, "missing_lines": [], "excluded_lines": [], "start_line": 99, "executed_branches": [[112, 113], [112, 117], [114, 112], [114, 115], [117, 118], [117, 127]], "missing_branches": []}, "_check_entity_velocity": {"executed_lines": [136, 137, 138, 142, 143, 145, 146, 147, 148, 149, 150, 151, 152, 153, 163, 164, 165, 174], "summary": {"covered_lines": 18, "num_statements": 18, "percent_covered": 100.0, "percent_covered_display": "100", "missing_lines": 0, "excluded_lines": 0, "percent_statements_covered": 100.0, "percent_statements_covered_display": "100", "num_branches": 10, "num_partial_branches": 0, "covered_branches": 10, "missing_branches": 0, "percent_branches_covered": 100.0, "percent_branches_covered_display": "100"}, "missing_lines": [], "excluded_lines": [], "start_line": 130, "executed_branches": [[143, 145], [143, 163], [146, 147], [146, 149], [150, 151], [150, 174], [152, 153], [152, 174], [164, 165], [164, 174]], "missing_branches": []}, "_check_silence": {"executed_lines": [183, 184, 185, 187, 188, 189, 195, 196, 197, 206], "summary": {"covered_lines": 10, "num_statements": 10, "percent_covered": 100.0, "percent_covered_display": "100", "missing_lines": 0, "excluded_lines": 0, "percent_statements_covered": 100.0, "percent_statements_covered_display": "100", "num_branches": 4, "num_partial_branches": 0, "covered_branches": 4, "missing_branches": 0, "percent_branches_covered": 100.0, "percent_branches_covered_display": "100"}, "missing_lines": [], "excluded_lines": [], "start_line": 177, "executed_branches": [[184, 185], [184, 187], [196, 197], [196, 206]], "missing_branches": []}, "_check_narrative_shift": {"executed_lines": [215, 217, 218, 219, 221, 222, 224, 225, 227, 235, 236, 238, 241, 242, 244, 245, 259], "summary": {"covered_lines": 17, "num_statements": 18, "percent_covered": 91.66666666666667, "percent_covered_display": "92", "missing_lines": 1, "excluded_lines": 0, "percent_statements_covered": 94.44444444444444, "percent_statements_covered_display": "94", "num_branches": 6, "num_partial_branches": 1, "covered_branches": 5, "missing_branches": 1, "percent_branches_covered": 83.33333333333333, "percent_branches_covered_display": "83"}, "missing_lines": [239], "excluded_lines": [], "start_line": 209, "executed_branches": [[224, 225], [224, 227], [238, 241], [244, 245], [244, 259]], "missing_branches": [[238, 239]]}, "_check_narrative_shift.top_words": {"executed_lines": [228, 229, 230, 231, 232, 233], "summary": {"covered_lines": 6, "num_statements": 6, "percent_covered": 100.0, "percent_covered_display": "100", "missing_lines": 0, "excluded_lines": 0, "percent_statements_covered": 100.0, "percent_statements_covered_display": "100", "num_branches": 2, "num_partial_branches": 0, "covered_branches": 2, "missing_branches": 0, "percent_branches_covered": 100.0, "percent_branches_covered_display": "100"}, "missing_lines": [], "excluded_lines": [], "start_line": 227, "executed_branches": [[229, 230], [229, 232]], "missing_branches": []}, "_parse_ts": {"executed_lines": [264, 265, 266, 267, 268, 269, 270, 271, 272], "summary": {"covered_lines": 9, "num_statements": 9, "percent_covered": 100.0, "percent_covered_display": "100", "missing_lines": 0, "excluded_lines": 0, "percent_statements_covered": 100.0, "percent_statements_covered_display": "100", "num_branches": 4, "num_partial_branches": 0, "covered_branches": 4, "missing_branches": 0, "percent_branches_covered": 100.0, "percent_branches_covered_display": "100"}, "missing_lines": [], "excluded_lines": [], "start_line": 262, "executed_branches": [[264, 265], [264, 266], [266, 267], [266, 272]], "missing_branches": []}, "evaluate_rules": {"executed_lines": [292, 293, 295, 296, 297, 298, 300, 301, 302, 303, 305, 306, 307, 308, 311, 312, 313, 315, 316, 317, 318, 320], "summary": {"covered_lines": 22, "num_statements": 22, "percent_covered": 97.36842105263158, "percent_covered_display": "97", "missing_lines": 0, "excluded_lines": 0, "percent_statements_covered": 100.0, "percent_statements_covered_display": "100", "num_branches": 16, "num_partial_branches": 1, "covered_branches": 15, "missing_branches": 1, "percent_branches_covered": 93.75, "percent_branches_covered_display": "94"}, "missing_lines": [], "excluded_lines": [], "start_line": 286, "executed_branches": [[292, 293], [292, 295], [296, 297], [296, 320], [297, 298], [297, 300], [300, 301], [300, 305], [302, 303], [306, 307], [306, 311], [312, 313], [312, 315], [316, 296], [316, 317]], "missing_branches": [[302, 305]]}, "get_default_rules": {"executed_lines": [327], "summary": {"covered_lines": 1, "num_statements": 1, "percent_covered": 100.0, "percent_covered_display": "100", "missing_lines": 0, "excluded_lines": 0, "percent_statements_covered": 100.0, "percent_statements_covered_display": "100", "num_branches": 0, "num_partial_branches": 0, "covered_branches": 0, "missing_branches": 0, "percent_branches_covered": 100.0, "percent_branches_covered_display": "100"}, "missing_lines": [], "excluded_lines": [], "start_line": 325, "executed_branches": [], "missing_branches": []}, "": {"executed_lines": [10, 12, 13, 14, 15, 17, 20, 21, 23, 24, 25, 26, 27, 28, 29, 30, 31, 32, 34, 49, 50, 52, 53, 54, 55, 56, 57, 58, 60, 74, 99, 130, 177, 209, 262, 277, 286, 325], "summary": {"covered_lines": 38, "num_statements": 38, "percent_covered": 100.0, "percent_covered_display": "100", "missing_lines": 0, "excluded_lines": 0, "percent_statements_covered": 100.0, "percent_statements_covered_display": "100", "num_branches": 0, "num_partial_branches": 0, "covered_branches": 0, "missing_branches": 0, "percent_branches_covered": 100.0, "percent_branches_covered_display": "100"}, "missing_lines": [], "excluded_lines": [], "start_line": 1, "executed_branches": [], "missing_branches": []}}, "classes": {"AlertRule": {"executed_lines": [35], "summary": {"covered_lines": 1, "num_statements": 1, "percent_covered": 100.0, "percent_covered_display": "100", "missing_lines": 0, "excluded_lines": 0, "percent_statements_covered": 100.0, "percent_statements_covered_display": "100", "num_branches": 0, "num_partial_branches": 0, "covered_branches": 0, "missing_branches": 0, "percent_branches_covered": 100.0, "percent_branches_covered_display": "100"}, "missing_lines": [], "excluded_lines": [], "start_line": 21, "executed_branches": [], "missing_branches": []}, "AlertEvent": {"executed_lines": [61], "summary": {"covered_lines": 1, "num_statements": 1, "percent_covered": 100.0, "percent_covered_display": "100", "missing_lines": 0, "excluded_lines": 0, "percent_statements_covered": 100.0, "percent_statements_covered_display": "100", "num_branches": 0, "num_partial_branches": 0, "covered_branches": 0, "missing_branches": 0, "percent_branches_covered": 100.0, "percent_branches_covered_display": "100"}, "missing_lines": [], "excluded_lines": [], "start_line": 50, "executed_branches": [], "missing_branches": []}, "": {"executed_lines": [10, 12, 13, 14, 15, 17, 20, 21, 23, 24, 25, 26, 27, 28, 29, 30, 31, 32, 34, 49, 50, 52, 53, 54, 55, 56, 57, 58, 60, 74, 80, 81, 85, 86, 87, 96, 99, 105, 106, 110, 111, 112, 113, 114, 115, 117, 118, 127, 130, 136, 137, 138, 142, 143, 145, 146, 147, 148, 149, 150, 151, 152, 153, 163, 164, 165, 174, 177, 183, 184, 185, 187, 188, 189, 195, 196, 197, 206, 209, 215, 217, 218, 219, 221, 222, 224, 225, 227, 228, 229, 230, 231, 232, 233, 235, 236, 238, 241, 242, 244, 245, 259, 262, 264, 265, 266, 267, 268, 269, 270, 271, 272, 277, 286, 292, 293, 295, 296, 297, 298, 300, 301, 302, 303, 305, 306, 307, 308, 311, 312, 313, 315, 316, 317, 318, 320, 325, 327], "summary": {"covered_lines": 138, "num_statements": 139, "percent_covered": 98.41269841269842, "percent_covered_display": "98", "missing_lines": 1, "excluded_lines": 0, "percent_statements_covered": 99.28057553956835, "percent_statements_covered_display": "99", "num_branches": 50, "num_partial_branches": 2, "covered_branches": 48, "missing_branches": 2, "percent_branches_covered": 96.0, "percent_branches_covered_display": "96"}, "missing_lines": [239], "excluded_lines": [], "start_line": 1, "executed_branches": [[86, 87], [86, 96], [112, 113], [112, 117], [114, 112], [114, 115], [117, 118], [117, 127], [143, 145], [143, 163], [146, 147], [146, 149], [150, 151], [150, 174], [152, 153], [152, 174], [164, 165], [164, 174], [184, 185], [184, 187], [196, 197], [196, 206], [224, 225], [224, 227], [229, 230], [229, 232], [238, 241], [244, 245], [244, 259], [264, 265], [264, 266], [266, 267], [266, 272], [292, 293], [292, 295], [296, 297], [296, 320], [297, 298], [297, 300], [300, 301], [300, 305], [302, 303], [306, 307], [306, 311], [312, 313], [312, 315], [316, 296], [316, 317]], "missing_branches": [[238, 239], [302, 305]]}}}, "src/sts_monitor/anomaly_detector.py": {"executed_lines": [15, 17, 18, 19, 20, 21, 22, 25, 26, 28, 29, 30, 31, 32, 33, 34, 35, 36, 37, 38, 39, 40, 41, 44, 45, 47, 48, 49, 50, 51, 52, 53, 55, 56, 85, 86, 89, 90, 91, 92, 93, 94, 97, 98, 99, 100, 103, 104, 105, 106, 107, 108, 109, 110, 111, 114, 115, 116, 117, 118, 119, 120, 121, 122, 123, 124, 125, 126, 127, 130, 131, 136, 148, 149, 150, 153, 154, 156, 157, 158, 160, 161, 162, 163, 165, 166, 168, 169, 170, 172, 173, 174, 175, 176, 177, 178, 198, 201, 212, 213, 214, 217, 218, 220, 221, 222, 223, 225, 226, 227, 228, 230, 231, 232, 233, 235, 236, 238, 242, 243, 245, 246, 247, 248, 271, 274, 286, 288, 289, 290, 292, 293, 295, 296, 297, 299, 300, 301, 302, 304, 305, 306, 307, 310, 312, 313, 314, 315, 317, 318, 319, 321, 322, 342, 345, 357, 358, 359, 362, 363, 365, 366, 367, 369, 370, 371, 372, 375, 378, 380, 382, 383, 384, 385, 387, 388, 389, 390, 392, 393, 394, 417, 420, 432, 433, 434, 436, 437, 439, 440, 441, 443, 444, 445, 446, 448, 449, 451, 452, 453, 455, 457, 458, 459, 460, 483, 488, 497, 504, 506, 507, 508, 509, 511, 512, 514, 515, 516, 518, 521, 529, 531, 532, 537, 548, 549, 552, 557, 562, 567, 572, 577, 578, 580, 581, 583], "summary": {"covered_lines": 236, "num_statements": 237, "percent_covered": 98.77675840978593, "percent_covered_display": "99", "missing_lines": 1, "excluded_lines": 0, "percent_statements_covered": 99.57805907172995, "percent_statements_covered_display": "99", "num_branches": 90, "num_partial_branches": 3, "covered_branches": 87, "missing_branches": 3, "percent_branches_covered": 96.66666666666667, "percent_branches_covered_display": "97"}, "missing_lines": [239], "excluded_lines": [], "executed_branches": [[90, 91], [90, 92], [98, 99], [98, 100], [105, 106], [105, 107], [107, 108], [107, 109], [109, 110], [109, 111], [115, 116], [115, 119], [116, 117], [116, 118], [119, 120], [119, 127], [122, 123], [122, 124], [156, 157], [156, 165], [160, 161], [160, 162], [162, 156], [162, 163], [165, 166], [165, 168], [173, 174], [173, 198], [175, 173], [175, 176], [220, 221], [220, 230], [225, 226], [225, 227], [227, 220], [227, 228], [231, 232], [231, 271], [232, 233], [232, 235], [238, 242], [245, 231], [245, 246], [247, 248], [295, 296], [295, 310], [299, 295], [299, 300], [300, 301], [300, 302], [304, 305], [304, 306], [306, 307], [313, 314], [313, 342], [314, 315], [314, 317], [321, 313], [321, 322], [365, 366], [365, 375], [369, 365], [369, 370], [371, 365], [371, 372], [378, 380], [378, 382], [382, 383], [382, 417], [384, 385], [384, 387], [392, 382], [392, 393], [439, 440], [439, 448], [443, 444], [443, 445], [445, 439], [445, 446], [448, 449], [448, 451], [458, 459], [458, 483], [508, 509], [508, 511], [515, 516], [515, 518]], "missing_branches": [[238, 239], [247, 231], [306, 299]], "functions": {"AnomalyReport.to_dict": {"executed_lines": [56], "summary": {"covered_lines": 1, "num_statements": 1, "percent_covered": 100.0, "percent_covered_display": "100", "missing_lines": 0, "excluded_lines": 0, "percent_statements_covered": 100.0, "percent_statements_covered_display": "100", "num_branches": 0, "num_partial_branches": 0, "covered_branches": 0, "missing_branches": 0, "percent_branches_covered": 100.0, "percent_branches_covered_display": "100"}, "missing_lines": [], "excluded_lines": [], "start_line": 55, "executed_branches": [], "missing_branches": []}, "_mean": {"executed_lines": [86], "summary": {"covered_lines": 1, "num_statements": 1, "percent_covered": 100.0, "percent_covered_display": "100", "missing_lines": 0, "excluded_lines": 0, "percent_statements_covered": 100.0, "percent_statements_covered_display": "100", "num_branches": 0, "num_partial_branches": 0, "covered_branches": 0, "missing_branches": 0, "percent_branches_covered": 100.0, "percent_branches_covered_display": "100"}, "missing_lines": [], "excluded_lines": [], "start_line": 85, "executed_branches": [], "missing_branches": []}, "_std": {"executed_lines": [90, 91, 92, 93, 94], "summary": {"covered_lines": 5, "num_statements": 5, "percent_covered": 100.0, "percent_covered_display": "100", "missing_lines": 0, "excluded_lines": 0, "percent_statements_covered": 100.0, "percent_statements_covered_display": "100", "num_branches": 2, "num_partial_branches": 0, "covered_branches": 2, "missing_branches": 0, "percent_branches_covered": 100.0, "percent_branches_covered_display": "100"}, "missing_lines": [], "excluded_lines": [], "start_line": 89, "executed_branches": [[90, 91], [90, 92]], "missing_branches": []}, "_z_score": {"executed_lines": [98, 99, 100], "summary": {"covered_lines": 3, "num_statements": 3, "percent_covered": 100.0, "percent_covered_display": "100", "missing_lines": 0, "excluded_lines": 0, "percent_statements_covered": 100.0, "percent_statements_covered_display": "100", "num_branches": 2, "num_partial_branches": 0, "covered_branches": 2, "missing_branches": 0, "percent_branches_covered": 100.0, "percent_branches_covered_display": "100"}, "missing_lines": [], "excluded_lines": [], "start_line": 97, "executed_branches": [[98, 99], [98, 100]], "missing_branches": []}, "_severity_from_z": {"executed_lines": [104, 105, 106, 107, 108, 109, 110, 111], "summary": {"covered_lines": 8, "num_statements": 8, "percent_covered": 100.0, "percent_covered_display": "100", "missing_lines": 0, "excluded_lines": 0, "percent_statements_covered": 100.0, "percent_statements_covered_display": "100", "num_branches": 6, "num_partial_branches": 0, "covered_branches": 6, "missing_branches": 0, "percent_branches_covered": 100.0, "percent_branches_covered_display": "100"}, "missing_lines": [], "excluded_lines": [], "start_line": 103, "executed_branches": [[105, 106], [105, 107], [107, 108], [107, 109], [109, 110], [109, 111]], "missing_branches": []}, "_parse_time": {"executed_lines": [115, 116, 117, 118, 119, 120, 121, 122, 123, 124, 125, 126, 127], "summary": {"covered_lines": 13, "num_statements": 13, "percent_covered": 100.0, "percent_covered_display": "100", "missing_lines": 0, "excluded_lines": 0, "percent_statements_covered": 100.0, "percent_statements_covered_display": "100", "num_branches": 8, "num_partial_branches": 0, "covered_branches": 8, "missing_branches": 0, "percent_branches_covered": 100.0, "percent_branches_covered_display": "100"}, "missing_lines": [], "excluded_lines": [], "start_line": 114, "executed_branches": [[115, 116], [115, 119], [116, 117], [116, 118], [119, 120], [119, 127], [122, 123], [122, 124]], "missing_branches": []}, "_source_family": {"executed_lines": [131], "summary": {"covered_lines": 1, "num_statements": 1, "percent_covered": 100.0, "percent_covered_display": "100", "missing_lines": 0, "excluded_lines": 0, "percent_statements_covered": 100.0, "percent_statements_covered_display": "100", "num_branches": 0, "num_partial_branches": 0, "covered_branches": 0, "missing_branches": 0, "percent_branches_covered": 100.0, "percent_branches_covered_display": "100"}, "missing_lines": [], "excluded_lines": [], "start_line": 130, "executed_branches": [], "missing_branches": []}, "detect_volume_anomalies": {"executed_lines": [148, 149, 150, 153, 154, 156, 157, 158, 160, 161, 162, 163, 165, 166, 168, 169, 170, 172, 173, 174, 175, 176, 177, 178, 198], "summary": {"covered_lines": 25, "num_statements": 25, "percent_covered": 100.0, "percent_covered_display": "100", "missing_lines": 0, "excluded_lines": 0, "percent_statements_covered": 100.0, "percent_statements_covered_display": "100", "num_branches": 12, "num_partial_branches": 0, "covered_branches": 12, "missing_branches": 0, "percent_branches_covered": 100.0, "percent_branches_covered_display": "100"}, "missing_lines": [], "excluded_lines": [], "start_line": 136, "executed_branches": [[156, 157], [156, 165], [160, 161], [160, 162], [162, 156], [162, 163], [165, 166], [165, 168], [173, 174], [173, 198], [175, 173], [175, 176]], "missing_branches": []}, "detect_source_behavior_shifts": {"executed_lines": [212, 213, 214, 217, 218, 220, 221, 222, 223, 225, 226, 227, 228, 230, 231, 232, 233, 235, 236, 238, 242, 243, 245, 246, 247, 248, 271], "summary": {"covered_lines": 27, "num_statements": 28, "percent_covered": 93.18181818181819, "percent_covered_display": "93", "missing_lines": 1, "excluded_lines": 0, "percent_statements_covered": 96.42857142857143, "percent_statements_covered_display": "96", "num_branches": 16, "num_partial_branches": 2, "covered_branches": 14, "missing_branches": 2, "percent_branches_covered": 87.5, "percent_branches_covered_display": "88"}, "missing_lines": [239], "excluded_lines": [], "start_line": 201, "executed_branches": [[220, 221], [220, 230], [225, 226], [225, 227], [227, 220], [227, 228], [231, 232], [231, 271], [232, 233], [232, 235], [238, 242], [245, 231], [245, 246], [247, 248]], "missing_branches": [[238, 239], [247, 231]]}, "detect_entity_velocity_anomalies": {"executed_lines": [286, 288, 289, 290, 292, 293, 295, 296, 297, 299, 300, 301, 302, 304, 305, 306, 307, 310, 312, 313, 314, 315, 317, 318, 319, 321, 322, 342], "summary": {"covered_lines": 28, "num_statements": 28, "percent_covered": 97.72727272727273, "percent_covered_display": "98", "missing_lines": 0, "excluded_lines": 0, "percent_statements_covered": 100.0, "percent_statements_covered_display": "100", "num_branches": 16, "num_partial_branches": 1, "covered_branches": 15, "missing_branches": 1, "percent_branches_covered": 93.75, "percent_branches_covered_display": "94"}, "missing_lines": [], "excluded_lines": [], "start_line": 274, "executed_branches": [[295, 296], [295, 310], [299, 295], [299, 300], [300, 301], [300, 302], [304, 305], [304, 306], [306, 307], [313, 314], [313, 342], [314, 315], [314, 317], [321, 313], [321, 322]], "missing_branches": [[306, 299]]}, "detect_silence_anomalies": {"executed_lines": [357, 358, 359, 362, 363, 365, 366, 367, 369, 370, 371, 372, 375, 378, 380, 382, 383, 384, 385, 387, 388, 389, 390, 392, 393, 394, 417], "summary": {"covered_lines": 27, "num_statements": 27, "percent_covered": 100.0, "percent_covered_display": "100", "missing_lines": 0, "excluded_lines": 0, "percent_statements_covered": 100.0, "percent_statements_covered_display": "100", "num_branches": 14, "num_partial_branches": 0, "covered_branches": 14, "missing_branches": 0, "percent_branches_covered": 100.0, "percent_branches_covered_display": "100"}, "missing_lines": [], "excluded_lines": [], "start_line": 345, "executed_branches": [[365, 366], [365, 375], [369, 365], [369, 370], [371, 365], [371, 372], [378, 380], [378, 382], [382, 383], [382, 417], [384, 385], [384, 387], [392, 382], [392, 393]], "missing_branches": []}, "detect_sentiment_shifts": {"executed_lines": [432, 433, 434, 436, 437, 439, 440, 441, 443, 444, 445, 446, 448, 449, 451, 452, 453, 455, 457, 458, 459, 460, 483], "summary": {"covered_lines": 23, "num_statements": 23, "percent_covered": 100.0, "percent_covered_display": "100", "missing_lines": 0, "excluded_lines": 0, "percent_statements_covered": 100.0, "percent_statements_covered_display": "100", "num_branches": 10, "num_partial_branches": 0, "covered_branches": 10, "missing_branches": 0, "percent_branches_covered": 100.0, "percent_branches_covered_display": "100"}, "missing_lines": [], "excluded_lines": [], "start_line": 420, "executed_branches": [[439, 440], [439, 448], [443, 444], [443, 445], [445, 439], [445, 446], [448, 449], [448, 451], [458, 459], [458, 483]], "missing_branches": []}, "_escalation_score": {"executed_lines": [506, 507, 508, 509, 511, 512, 514, 515, 516, 518], "summary": {"covered_lines": 10, "num_statements": 10, "percent_covered": 100.0, "percent_covered_display": "100", "missing_lines": 0, "excluded_lines": 0, "percent_statements_covered": 100.0, "percent_statements_covered_display": "100", "num_branches": 4, "num_partial_branches": 0, "covered_branches": 4, "missing_branches": 0, "percent_branches_covered": 100.0, "percent_branches_covered_display": "100"}, "missing_lines": [], "excluded_lines": [], "start_line": 504, "executed_branches": [[508, 509], [508, 511], [515, 516], [515, 518]], "missing_branches": []}, "_extract_topic_words": {"executed_lines": [531, 532], "summary": {"covered_lines": 2, "num_statements": 2, "percent_covered": 100.0, "percent_covered_display": "100", "missing_lines": 0, "excluded_lines": 0, "percent_statements_covered": 100.0, "percent_statements_covered_display": "100", "num_branches": 0, "num_partial_branches": 0, "covered_branches": 0, "missing_branches": 0, "percent_branches_covered": 100.0, "percent_branches_covered_display": "100"}, "missing_lines": [], "excluded_lines": [], "start_line": 529, "executed_branches": [], "missing_branches": []}, "run_anomaly_detection": {"executed_lines": [548, 549, 552, 557, 562, 567, 572, 577, 578, 580, 581, 583], "summary": {"covered_lines": 12, "num_statements": 12, "percent_covered": 100.0, "percent_covered_display": "100", "missing_lines": 0, "excluded_lines": 0, "percent_statements_covered": 100.0, "percent_statements_covered_display": "100", "num_branches": 0, "num_partial_branches": 0, "covered_branches": 0, "missing_branches": 0, "percent_branches_covered": 100.0, "percent_branches_covered_display": "100"}, "missing_lines": [], "excluded_lines": [], "start_line": 537, "executed_branches": [], "missing_branches": []}, "": {"executed_lines": [15, 17, 18, 19, 20, 21, 22, 25, 26, 28, 29, 30, 31, 32, 33, 34, 35, 36, 37, 38, 39, 40, 41, 44, 45, 47, 48, 49, 50, 51, 52, 53, 55, 85, 89, 97, 103, 114, 130, 136, 201, 274, 345, 420, 488, 497, 504, 521, 529, 537], "summary": {"covered_lines": 50, "num_statements": 50, "percent_covered": 100.0, "percent_covered_display": "100", "missing_lines": 0, "excluded_lines": 0, "percent_statements_covered": 100.0, "percent_statements_covered_display": "100", "num_branches": 0, "num_partial_branches": 0, "covered_branches": 0, "missing_branches": 0, "percent_branches_covered": 100.0, "percent_branches_covered_display": "100"}, "missing_lines": [], "excluded_lines": [], "start_line": 1, "executed_branches": [], "missing_branches": []}}, "classes": {"Anomaly": {"executed_lines": [], "summary": {"covered_lines": 0, "num_statements": 0, "percent_covered": 100.0, "percent_covered_display": "100", "missing_lines": 0, "excluded_lines": 0, "percent_statements_covered": 100.0, "percent_statements_covered_display": "100", "num_branches": 0, "num_partial_branches": 0, "covered_branches": 0, "missing_branches": 0, "percent_branches_covered": 100.0, "percent_branches_covered_display": "100"}, "missing_lines": [], "excluded_lines": [], "start_line": 26, "executed_branches": [], "missing_branches": []}, "AnomalyReport": {"executed_lines": [56], "summary": {"covered_lines": 1, "num_statements": 1, "percent_covered": 100.0, "percent_covered_display": "100", "missing_lines": 0, "excluded_lines": 0, "percent_statements_covered": 100.0, "percent_statements_covered_display": "100", "num_branches": 0, "num_partial_branches": 0, "covered_branches": 0, "missing_branches": 0, "percent_branches_covered": 100.0, "percent_branches_covered_display": "100"}, "missing_lines": [], "excluded_lines": [], "start_line": 45, "executed_branches": [], "missing_branches": []}, "": {"executed_lines": [15, 17, 18, 19, 20, 21, 22, 25, 26, 28, 29, 30, 31, 32, 33, 34, 35, 36, 37, 38, 39, 40, 41, 44, 45, 47, 48, 49, 50, 51, 52, 53, 55, 85, 86, 89, 90, 91, 92, 93, 94, 97, 98, 99, 100, 103, 104, 105, 106, 107, 108, 109, 110, 111, 114, 115, 116, 117, 118, 119, 120, 121, 122, 123, 124, 125, 126, 127, 130, 131, 136, 148, 149, 150, 153, 154, 156, 157, 158, 160, 161, 162, 163, 165, 166, 168, 169, 170, 172, 173, 174, 175, 176, 177, 178, 198, 201, 212, 213, 214, 217, 218, 220, 221, 222, 223, 225, 226, 227, 228, 230, 231, 232, 233, 235, 236, 238, 242, 243, 245, 246, 247, 248, 271, 274, 286, 288, 289, 290, 292, 293, 295, 296, 297, 299, 300, 301, 302, 304, 305, 306, 307, 310, 312, 313, 314, 315, 317, 318, 319, 321, 322, 342, 345, 357, 358, 359, 362, 363, 365, 366, 367, 369, 370, 371, 372, 375, 378, 380, 382, 383, 384, 385, 387, 388, 389, 390, 392, 393, 394, 417, 420, 432, 433, 434, 436, 437, 439, 440, 441, 443, 444, 445, 446, 448, 449, 451, 452, 453, 455, 457, 458, 459, 460, 483, 488, 497, 504, 506, 507, 508, 509, 511, 512, 514, 515, 516, 518, 521, 529, 531, 532, 537, 548, 549, 552, 557, 562, 567, 572, 577, 578, 580, 581, 583], "summary": {"covered_lines": 235, "num_statements": 236, "percent_covered": 98.77300613496932, "percent_covered_display": "99", "missing_lines": 1, "excluded_lines": 0, "percent_statements_covered": 99.57627118644068, "percent_statements_covered_display": "99", "num_branches": 90, "num_partial_branches": 3, "covered_branches": 87, "missing_branches": 3, "percent_branches_covered": 96.66666666666667, "percent_branches_covered_display": "97"}, "missing_lines": [239], "excluded_lines": [], "start_line": 1, "executed_branches": [[90, 91], [90, 92], [98, 99], [98, 100], [105, 106], [105, 107], [107, 108], [107, 109], [109, 110], [109, 111], [115, 116], [115, 119], [116, 117], [116, 118], [119, 120], [119, 127], [122, 123], [122, 124], [156, 157], [156, 165], [160, 161], [160, 162], [162, 156], [162, 163], [165, 166], [165, 168], [173, 174], [173, 198], [175, 173], [175, 176], [220, 221], [220, 230], [225, 226], [225, 227], [227, 220], [227, 228], [231, 232], [231, 271], [232, 233], [232, 235], [238, 242], [245, 231], [245, 246], [247, 248], [295, 296], [295, 310], [299, 295], [299, 300], [300, 301], [300, 302], [304, 305], [304, 306], [306, 307], [313, 314], [313, 342], [314, 315], [314, 317], [321, 313], [321, 322], [365, 366], [365, 375], [369, 365], [369, 370], [371, 365], [371, 372], [378, 380], [378, 382], [382, 383], [382, 417], [384, 385], [384, 387], [392, 382], [392, 393], [439, 440], [439, 448], [443, 444], [443, 445], [445, 439], [445, 446], [448, 449], [448, 451], [458, 459], [458, 483], [508, 509], [508, 511], [515, 516], [515, 518]], "missing_branches": [[238, 239], [247, 231], [306, 299]]}}}, "src/sts_monitor/auth_jwt.py": {"executed_lines": [7, 9, 10, 11, 12, 13, 14, 15, 16, 18, 20, 23, 24, 25, 30, 31, 34, 35, 36, 37, 38, 41, 43, 44, 45, 46, 47, 48, 49, 52, 54, 55, 56, 58, 61, 62, 63, 65, 66, 69, 72, 73, 74, 75, 76, 77, 79, 81, 82, 84, 85, 87, 92, 94, 95, 98, 100, 101, 102, 103, 104, 109, 111, 112, 119, 122, 124, 125, 126, 127, 128, 129, 130, 135, 136, 138, 139, 140, 142, 143, 144, 146, 147, 148], "summary": {"covered_lines": 84, "num_statements": 84, "percent_covered": 99.01960784313725, "percent_covered_display": "99", "missing_lines": 0, "excluded_lines": 0, "percent_statements_covered": 100.0, "percent_statements_covered_display": "100", "num_branches": 18, "num_partial_branches": 1, "covered_branches": 17, "missing_branches": 1, "percent_branches_covered": 94.44444444444444, "percent_branches_covered_display": "94"}, "missing_lines": [], "excluded_lines": [], "executed_branches": [[36, 37], [36, 38], [55, 56], [55, 58], [65, 66], [65, 69], [72, 73], [74, 75], [74, 76], [76, 77], [76, 79], [81, 82], [81, 84], [84, 85], [84, 87], [128, 129], [128, 130]], "missing_branches": [[72, 87]], "functions": {"_b64url_encode": {"executed_lines": [31], "summary": {"covered_lines": 1, "num_statements": 1, "percent_covered": 100.0, "percent_covered_display": "100", "missing_lines": 0, "excluded_lines": 0, "percent_statements_covered": 100.0, "percent_statements_covered_display": "100", "num_branches": 0, "num_partial_branches": 0, "covered_branches": 0, "missing_branches": 0, "percent_branches_covered": 100.0, "percent_branches_covered_display": "100"}, "missing_lines": [], "excluded_lines": [], "start_line": 30, "executed_branches": [], "missing_branches": []}, "_b64url_decode": {"executed_lines": [35, 36, 37, 38], "summary": {"covered_lines": 4, "num_statements": 4, "percent_covered": 100.0, "percent_covered_display": "100", "missing_lines": 0, "excluded_lines": 0, "percent_statements_covered": 100.0, "percent_statements_covered_display": "100", "num_branches": 2, "num_partial_branches": 0, "covered_branches": 2, "missing_branches": 0, "percent_branches_covered": 100.0, "percent_branches_covered_display": "100"}, "missing_lines": [], "excluded_lines": [], "start_line": 34, "executed_branches": [[36, 37], [36, 38]], "missing_branches": []}, "_jwt_encode": {"executed_lines": [43, 44, 45, 46, 47, 48, 49], "summary": {"covered_lines": 7, "num_statements": 7, "percent_covered": 100.0, "percent_covered_display": "100", "missing_lines": 0, "excluded_lines": 0, "percent_statements_covered": 100.0, "percent_statements_covered_display": "100", "num_branches": 0, "num_partial_branches": 0, "covered_branches": 0, "missing_branches": 0, "percent_branches_covered": 100.0, "percent_branches_covered_display": "100"}, "missing_lines": [], "excluded_lines": [], "start_line": 41, "executed_branches": [], "missing_branches": []}, "_jwt_decode": {"executed_lines": [54, 55, 56, 58, 61, 62, 63, 65, 66, 69, 72, 73, 74, 75, 76, 77, 79, 81, 82, 84, 85, 87], "summary": {"covered_lines": 22, "num_statements": 22, "percent_covered": 97.22222222222223, "percent_covered_display": "97", "missing_lines": 0, "excluded_lines": 0, "percent_statements_covered": 100.0, "percent_statements_covered_display": "100", "num_branches": 14, "num_partial_branches": 1, "covered_branches": 13, "missing_branches": 1, "percent_branches_covered": 92.85714285714286, "percent_branches_covered_display": "93"}, "missing_lines": [], "excluded_lines": [], "start_line": 52, "executed_branches": [[55, 56], [55, 58], [65, 66], [65, 69], [72, 73], [74, 75], [74, 76], [76, 77], [76, 79], [81, 82], [81, 84], [84, 85], [84, 87]], "missing_branches": [[72, 87]]}, "hash_password": {"executed_lines": [94, 95], "summary": {"covered_lines": 2, "num_statements": 2, "percent_covered": 100.0, "percent_covered_display": "100", "missing_lines": 0, "excluded_lines": 0, "percent_statements_covered": 100.0, "percent_statements_covered_display": "100", "num_branches": 0, "num_partial_branches": 0, "covered_branches": 0, "missing_branches": 0, "percent_branches_covered": 100.0, "percent_branches_covered_display": "100"}, "missing_lines": [], "excluded_lines": [], "start_line": 92, "executed_branches": [], "missing_branches": []}, "verify_password": {"executed_lines": [100, 101, 102, 103, 104], "summary": {"covered_lines": 5, "num_statements": 5, "percent_covered": 100.0, "percent_covered_display": "100", "missing_lines": 0, "excluded_lines": 0, "percent_statements_covered": 100.0, "percent_statements_covered_display": "100", "num_branches": 0, "num_partial_branches": 0, "covered_branches": 0, "missing_branches": 0, "percent_branches_covered": 100.0, "percent_branches_covered_display": "100"}, "missing_lines": [], "excluded_lines": [], "start_line": 98, "executed_branches": [], "missing_branches": []}, "create_token": {"executed_lines": [111, 112, 119], "summary": {"covered_lines": 3, "num_statements": 3, "percent_covered": 100.0, "percent_covered_display": "100", "missing_lines": 0, "excluded_lines": 0, "percent_statements_covered": 100.0, "percent_statements_covered_display": "100", "num_branches": 0, "num_partial_branches": 0, "covered_branches": 0, "missing_branches": 0, "percent_branches_covered": 100.0, "percent_branches_covered_display": "100"}, "missing_lines": [], "excluded_lines": [], "start_line": 109, "executed_branches": [], "missing_branches": []}, "decode_token": {"executed_lines": [124, 125, 126, 127, 128, 129, 130], "summary": {"covered_lines": 7, "num_statements": 7, "percent_covered": 100.0, "percent_covered_display": "100", "missing_lines": 0, "excluded_lines": 0, "percent_statements_covered": 100.0, "percent_statements_covered_display": "100", "num_branches": 2, "num_partial_branches": 0, "covered_branches": 2, "missing_branches": 0, "percent_branches_covered": 100.0, "percent_branches_covered_display": "100"}, "missing_lines": [], "excluded_lines": [], "start_line": 122, "executed_branches": [[128, 129], [128, 130]], "missing_branches": []}, "UserContext.is_admin": {"executed_lines": [144], "summary": {"covered_lines": 1, "num_statements": 1, "percent_covered": 100.0, "percent_covered_display": "100", "missing_lines": 0, "excluded_lines": 0, "percent_statements_covered": 100.0, "percent_statements_covered_display": "100", "num_branches": 0, "num_partial_branches": 0, "covered_branches": 0, "missing_branches": 0, "percent_branches_covered": 100.0, "percent_branches_covered_display": "100"}, "missing_lines": [], "excluded_lines": [], "start_line": 143, "executed_branches": [], "missing_branches": []}, "UserContext.is_analyst": {"executed_lines": [148], "summary": {"covered_lines": 1, "num_statements": 1, "percent_covered": 100.0, "percent_covered_display": "100", "missing_lines": 0, "excluded_lines": 0, "percent_statements_covered": 100.0, "percent_statements_covered_display": "100", "num_branches": 0, "num_partial_branches": 0, "covered_branches": 0, "missing_branches": 0, "percent_branches_covered": 100.0, "percent_branches_covered_display": "100"}, "missing_lines": [], "excluded_lines": [], "start_line": 147, "executed_branches": [], "missing_branches": []}, "": {"executed_lines": [7, 9, 10, 11, 12, 13, 14, 15, 16, 18, 20, 23, 24, 25, 30, 34, 41, 52, 92, 98, 109, 122, 135, 136, 138, 139, 140, 142, 143, 146, 147], "summary": {"covered_lines": 31, "num_statements": 31, "percent_covered": 100.0, "percent_covered_display": "100", "missing_lines": 0, "excluded_lines": 0, "percent_statements_covered": 100.0, "percent_statements_covered_display": "100", "num_branches": 0, "num_partial_branches": 0, "covered_branches": 0, "missing_branches": 0, "percent_branches_covered": 100.0, "percent_branches_covered_display": "100"}, "missing_lines": [], "excluded_lines": [], "start_line": 1, "executed_branches": [], "missing_branches": []}}, "classes": {"UserContext": {"executed_lines": [144, 148], "summary": {"covered_lines": 2, "num_statements": 2, "percent_covered": 100.0, "percent_covered_display": "100", "missing_lines": 0, "excluded_lines": 0, "percent_statements_covered": 100.0, "percent_statements_covered_display": "100", "num_branches": 0, "num_partial_branches": 0, "covered_branches": 0, "missing_branches": 0, "percent_branches_covered": 100.0, "percent_branches_covered_display": "100"}, "missing_lines": [], "excluded_lines": [], "start_line": 136, "executed_branches": [], "missing_branches": []}, "": {"executed_lines": [7, 9, 10, 11, 12, 13, 14, 15, 16, 18, 20, 23, 24, 25, 30, 31, 34, 35, 36, 37, 38, 41, 43, 44, 45, 46, 47, 48, 49, 52, 54, 55, 56, 58, 61, 62, 63, 65, 66, 69, 72, 73, 74, 75, 76, 77, 79, 81, 82, 84, 85, 87, 92, 94, 95, 98, 100, 101, 102, 103, 104, 109, 111, 112, 119, 122, 124, 125, 126, 127, 128, 129, 130, 135, 136, 138, 139, 140, 142, 143, 146, 147], "summary": {"covered_lines": 82, "num_statements": 82, "percent_covered": 99.0, "percent_covered_display": "99", "missing_lines": 0, "excluded_lines": 0, "percent_statements_covered": 100.0, "percent_statements_covered_display": "100", "num_branches": 18, "num_partial_branches": 1, "covered_branches": 17, "missing_branches": 1, "percent_branches_covered": 94.44444444444444, "percent_branches_covered_display": "94"}, "missing_lines": [], "excluded_lines": [], "start_line": 1, "executed_branches": [[36, 37], [36, 38], [55, 56], [55, 58], [65, 66], [65, 69], [72, 73], [74, 75], [74, 76], [76, 77], [76, 79], [81, 82], [81, 84], [84, 85], [84, 87], [128, 129], [128, 130]], "missing_branches": [[72, 87]]}}}, "src/sts_monitor/autopilot.py": {"executed_lines": [15, 17, 18, 19, 20, 21, 22, 23, 25, 27, 30, 31, 32, 33, 34, 35, 36, 39, 40, 42, 43, 44, 45, 46, 47, 48, 49, 50, 51, 52, 53, 54, 55, 58, 59, 61, 62, 63, 64, 65, 66, 67, 68, 70, 71, 84, 85, 88, 89, 92, 94, 95, 96, 97, 98, 99, 102, 104, 109, 110, 111, 112, 115, 116, 120, 121, 122, 123, 125, 126, 127, 128, 131, 132, 136, 137, 138, 139, 140, 141, 142, 145, 146, 150, 151, 152, 153, 154, 155, 156, 159, 160, 161, 162, 163, 164, 165, 166, 167, 170, 171, 176, 177, 178, 179, 180, 181, 182, 184, 187, 189, 190, 191, 192, 193, 195, 201, 203, 204, 206, 207, 208, 209, 210, 211, 212, 213, 215, 217, 218, 229, 230, 233, 238, 239, 247, 248, 249, 252, 253, 256, 257, 258, 268, 269, 270, 271, 274, 275, 278, 279, 280, 282, 283, 302, 303, 304, 305, 308, 309, 310, 323, 324, 325, 328, 329, 330, 331, 332, 338, 343, 344, 345, 353, 361, 362, 363, 366, 372, 373, 378, 379, 380, 381, 388, 394, 411, 412, 413, 416, 500, 503, 504, 506, 507, 508, 510, 512, 513, 516, 519, 520, 521, 522, 523, 524], "summary": {"covered_lines": 206, "num_statements": 267, "percent_covered": 75.38940809968847, "percent_covered_display": "75", "missing_lines": 61, "excluded_lines": 0, "percent_statements_covered": 77.15355805243446, "percent_statements_covered_display": "77", "num_branches": 54, "num_partial_branches": 6, "covered_branches": 36, "missing_branches": 18, "percent_branches_covered": 66.66666666666667, "percent_branches_covered_display": "67"}, "missing_lines": [281, 284, 289, 290, 291, 301, 339, 340, 354, 355, 356, 357, 358, 374, 375, 395, 402, 403, 404, 405, 407, 408, 409, 418, 419, 421, 422, 423, 425, 426, 427, 430, 433, 434, 441, 443, 444, 445, 448, 449, 452, 453, 454, 468, 469, 472, 473, 476, 477, 478, 486, 487, 489, 490, 491, 492, 493, 494, 496, 497, 509], "excluded_lines": [], "executed_branches": [[121, 122], [121, 125], [137, 138], [137, 145], [151, 152], [151, 159], [162, 163], [162, 170], [177, 178], [177, 184], [207, 208], [207, 215], [215, 217], [215, 233], [217, 218], [217, 229], [238, 239], [238, 247], [268, 269], [279, 280], [279, 302], [280, 282], [283, 279], [328, 329], [328, 343], [331, 332], [331, 338], [353, 361], [372, 373], [379, 380], [379, 411], [394, 411], [503, 504], [503, 506], [519, 520], [519, 522]], "missing_branches": [[268, 274], [280, 281], [283, 284], [289, 290], [289, 291], [353, 354], [355, 356], [355, 361], [372, 378], [394, 395], [443, 444], [443, 448], [448, 449], [448, 476], [468, 469], [468, 472], [472, 448], [472, 473]], "functions": {"AutopilotState.to_dict": {"executed_lines": [71], "summary": {"covered_lines": 1, "num_statements": 1, "percent_covered": 100.0, "percent_covered_display": "100", "missing_lines": 0, "excluded_lines": 0, "percent_statements_covered": 100.0, "percent_statements_covered_display": "100", "num_branches": 0, "num_partial_branches": 0, "covered_branches": 0, "missing_branches": 0, "percent_branches_covered": 100.0, "percent_branches_covered_display": "100"}, "missing_lines": [], "excluded_lines": [], "start_line": 70, "executed_branches": [], "missing_branches": []}, "get_state": {"executed_lines": [89], "summary": {"covered_lines": 1, "num_statements": 1, "percent_covered": 100.0, "percent_covered_display": "100", "missing_lines": 0, "excluded_lines": 0, "percent_statements_covered": 100.0, "percent_statements_covered_display": "100", "num_branches": 0, "num_partial_branches": 0, "covered_branches": 0, "missing_branches": 0, "percent_branches_covered": 100.0, "percent_branches_covered_display": "100"}, "missing_lines": [], "excluded_lines": [], "start_line": 88, "executed_branches": [], "missing_branches": []}, "_check_llm_available": {"executed_lines": [94, 95, 96, 97, 98, 99], "summary": {"covered_lines": 6, "num_statements": 6, "percent_covered": 100.0, "percent_covered_display": "100", "missing_lines": 0, "excluded_lines": 0, "percent_statements_covered": 100.0, "percent_statements_covered_display": "100", "num_branches": 0, "num_partial_branches": 0, "covered_branches": 0, "missing_branches": 0, "percent_branches_covered": 100.0, "percent_branches_covered_display": "100"}, "missing_lines": [], "excluded_lines": [], "start_line": 92, "executed_branches": [], "missing_branches": []}, "_collect_from_real_connectors": {"executed_lines": [104, 109, 110, 111, 112, 115, 116, 120, 121, 122, 123, 125, 126, 127, 128, 131, 132, 136, 137, 138, 139, 140, 141, 142, 145, 146, 150, 151, 152, 153, 154, 155, 156, 159, 160, 161, 162, 163, 164, 165, 166, 167, 170, 171, 176, 177, 178, 179, 180, 181, 182, 184], "summary": {"covered_lines": 52, "num_statements": 52, "percent_covered": 100.0, "percent_covered_display": "100", "missing_lines": 0, "excluded_lines": 0, "percent_statements_covered": 100.0, "percent_statements_covered_display": "100", "num_branches": 10, "num_partial_branches": 0, "covered_branches": 10, "missing_branches": 0, "percent_branches_covered": 100.0, "percent_branches_covered_display": "100"}, "missing_lines": [], "excluded_lines": [], "start_line": 102, "executed_branches": [[121, 122], [121, 125], [137, 138], [137, 145], [151, 152], [151, 159], [162, 163], [162, 170], [177, 178], [177, 184]], "missing_branches": []}, "_run_cycle_for_investigation": {"executed_lines": [189, 190, 191, 192, 193, 195, 201, 203, 204, 206, 207, 208, 209, 210, 211, 212, 213, 215, 217, 218, 229, 230, 233, 238, 239, 247, 248, 249, 252, 253, 256, 257, 258, 268, 269, 270, 271, 274, 275, 278, 279, 280, 282, 283, 302, 303, 304, 305, 308, 309, 310, 323, 324, 325, 328, 329, 330, 331, 332, 338, 343, 344, 345, 353, 361, 362, 363, 366, 372, 373, 378, 379, 380, 381, 388, 394, 411, 412, 413], "summary": {"covered_lines": 79, "num_statements": 102, "percent_covered": 75.3731343283582, "percent_covered_display": "75", "missing_lines": 23, "excluded_lines": 0, "percent_statements_covered": 77.45098039215686, "percent_statements_covered_display": "77", "num_branches": 32, "num_partial_branches": 6, "covered_branches": 22, "missing_branches": 10, "percent_branches_covered": 68.75, "percent_branches_covered_display": "69"}, "missing_lines": [281, 284, 289, 290, 291, 301, 339, 340, 354, 355, 356, 357, 358, 374, 375, 395, 402, 403, 404, 405, 407, 408, 409], "excluded_lines": [], "start_line": 187, "executed_branches": [[207, 208], [207, 215], [215, 217], [215, 233], [217, 218], [217, 229], [238, 239], [238, 247], [268, 269], [279, 280], [279, 302], [280, 282], [283, 279], [328, 329], [328, 343], [331, 332], [331, 338], [353, 361], [372, 373], [379, 380], [379, 411], [394, 411]], "missing_branches": [[268, 274], [280, 281], [283, 284], [289, 290], [289, 291], [353, 354], [355, 356], [355, 361], [372, 378], [394, 395]]}, "_autopilot_loop": {"executed_lines": [], "summary": {"covered_lines": 0, "num_statements": 37, "percent_covered": 0.0, "percent_covered_display": "0", "missing_lines": 37, "excluded_lines": 0, "percent_statements_covered": 0.0, "percent_statements_covered_display": "0", "num_branches": 8, "num_partial_branches": 0, "covered_branches": 0, "missing_branches": 8, "percent_branches_covered": 0.0, "percent_branches_covered_display": "0"}, "missing_lines": [418, 419, 421, 422, 423, 425, 426, 427, 430, 433, 434, 441, 443, 444, 445, 448, 449, 452, 453, 454, 468, 469, 472, 473, 476, 477, 478, 486, 487, 489, 490, 491, 492, 493, 494, 496, 497], "excluded_lines": [], "start_line": 416, "executed_branches": [], "missing_branches": [[443, 444], [443, 448], [448, 449], [448, 476], [468, 469], [468, 472], [472, 448], [472, 473]]}, "start_autopilot": {"executed_lines": [503, 504, 506, 507, 508, 510, 512, 513], "summary": {"covered_lines": 8, "num_statements": 9, "percent_covered": 90.9090909090909, "percent_covered_display": "91", "missing_lines": 1, "excluded_lines": 0, "percent_statements_covered": 88.88888888888889, "percent_statements_covered_display": "89", "num_branches": 2, "num_partial_branches": 0, "covered_branches": 2, "missing_branches": 0, "percent_branches_covered": 100.0, "percent_branches_covered_display": "100"}, "missing_lines": [509], "excluded_lines": [], "start_line": 500, "executed_branches": [[503, 504], [503, 506]], "missing_branches": []}, "stop_autopilot": {"executed_lines": [519, 520, 521, 522, 523, 524], "summary": {"covered_lines": 6, "num_statements": 6, "percent_covered": 100.0, "percent_covered_display": "100", "missing_lines": 0, "excluded_lines": 0, "percent_statements_covered": 100.0, "percent_statements_covered_display": "100", "num_branches": 2, "num_partial_branches": 0, "covered_branches": 2, "missing_branches": 0, "percent_branches_covered": 100.0, "percent_branches_covered_display": "100"}, "missing_lines": [], "excluded_lines": [], "start_line": 516, "executed_branches": [[519, 520], [519, 522]], "missing_branches": []}, "": {"executed_lines": [15, 17, 18, 19, 20, 21, 22, 23, 25, 27, 30, 31, 32, 33, 34, 35, 36, 39, 40, 42, 43, 44, 45, 46, 47, 48, 49, 50, 51, 52, 53, 54, 55, 58, 59, 61, 62, 63, 64, 65, 66, 67, 68, 70, 84, 85, 88, 92, 102, 187, 416, 500, 516], "summary": {"covered_lines": 53, "num_statements": 53, "percent_covered": 100.0, "percent_covered_display": "100", "missing_lines": 0, "excluded_lines": 0, "percent_statements_covered": 100.0, "percent_statements_covered_display": "100", "num_branches": 0, "num_partial_branches": 0, "covered_branches": 0, "missing_branches": 0, "percent_branches_covered": 100.0, "percent_branches_covered_display": "100"}, "missing_lines": [], "excluded_lines": [], "start_line": 1, "executed_branches": [], "missing_branches": []}}, "classes": {"CycleLog": {"executed_lines": [], "summary": {"covered_lines": 0, "num_statements": 0, "percent_covered": 100.0, "percent_covered_display": "100", "missing_lines": 0, "excluded_lines": 0, "percent_statements_covered": 100.0, "percent_statements_covered_display": "100", "num_branches": 0, "num_partial_branches": 0, "covered_branches": 0, "missing_branches": 0, "percent_branches_covered": 100.0, "percent_branches_covered_display": "100"}, "missing_lines": [], "excluded_lines": [], "start_line": 40, "executed_branches": [], "missing_branches": []}, "AutopilotState": {"executed_lines": [71], "summary": {"covered_lines": 1, "num_statements": 1, "percent_covered": 100.0, "percent_covered_display": "100", "missing_lines": 0, "excluded_lines": 0, "percent_statements_covered": 100.0, "percent_statements_covered_display": "100", "num_branches": 0, "num_partial_branches": 0, "covered_branches": 0, "missing_branches": 0, "percent_branches_covered": 100.0, "percent_branches_covered_display": "100"}, "missing_lines": [], "excluded_lines": [], "start_line": 59, "executed_branches": [], "missing_branches": []}, "": {"executed_lines": [15, 17, 18, 19, 20, 21, 22, 23, 25, 27, 30, 31, 32, 33, 34, 35, 36, 39, 40, 42, 43, 44, 45, 46, 47, 48, 49, 50, 51, 52, 53, 54, 55, 58, 59, 61, 62, 63, 64, 65, 66, 67, 68, 70, 84, 85, 88, 89, 92, 94, 95, 96, 97, 98, 99, 102, 104, 109, 110, 111, 112, 115, 116, 120, 121, 122, 123, 125, 126, 127, 128, 131, 132, 136, 137, 138, 139, 140, 141, 142, 145, 146, 150, 151, 152, 153, 154, 155, 156, 159, 160, 161, 162, 163, 164, 165, 166, 167, 170, 171, 176, 177, 178, 179, 180, 181, 182, 184, 187, 189, 190, 191, 192, 193, 195, 201, 203, 204, 206, 207, 208, 209, 210, 211, 212, 213, 215, 217, 218, 229, 230, 233, 238, 239, 247, 248, 249, 252, 253, 256, 257, 258, 268, 269, 270, 271, 274, 275, 278, 279, 280, 282, 283, 302, 303, 304, 305, 308, 309, 310, 323, 324, 325, 328, 329, 330, 331, 332, 338, 343, 344, 345, 353, 361, 362, 363, 366, 372, 373, 378, 379, 380, 381, 388, 394, 411, 412, 413, 416, 500, 503, 504, 506, 507, 508, 510, 512, 513, 516, 519, 520, 521, 522, 523, 524], "summary": {"covered_lines": 205, "num_statements": 266, "percent_covered": 75.3125, "percent_covered_display": "75", "missing_lines": 61, "excluded_lines": 0, "percent_statements_covered": 77.06766917293233, "percent_statements_covered_display": "77", "num_branches": 54, "num_partial_branches": 6, "covered_branches": 36, "missing_branches": 18, "percent_branches_covered": 66.66666666666667, "percent_branches_covered_display": "67"}, "missing_lines": [281, 284, 289, 290, 291, 301, 339, 340, 354, 355, 356, 357, 358, 374, 375, 395, 402, 403, 404, 405, 407, 408, 409, 418, 419, 421, 422, 423, 425, 426, 427, 430, 433, 434, 441, 443, 444, 445, 448, 449, 452, 453, 454, 468, 469, 472, 473, 476, 477, 478, 486, 487, 489, 490, 491, 492, 493, 494, 496, 497, 509], "excluded_lines": [], "start_line": 1, "executed_branches": [[121, 122], [121, 125], [137, 138], [137, 145], [151, 152], [151, 159], [162, 163], [162, 170], [177, 178], [177, 184], [207, 208], [207, 215], [215, 217], [215, 233], [217, 218], [217, 229], [238, 239], [238, 247], [268, 269], [279, 280], [279, 302], [280, 282], [283, 279], [328, 329], [328, 343], [331, 332], [331, 338], [353, 361], [372, 373], [379, 380], [379, 411], [394, 411], [503, 504], [503, 506], [519, 520], [519, 522]], "missing_branches": [[268, 274], [280, 281], [283, 284], [289, 290], [289, 291], [353, 354], [355, 356], [355, 361], [372, 378], [394, 395], [443, 444], [443, 448], [448, 449], [448, 476], [468, 469], [468, 472], [472, 448], [472, 473]]}}}, "src/sts_monitor/backup.py": {"executed_lines": [1, 3, 4, 5, 8, 9, 10, 11, 12, 13, 14, 15, 18, 19, 20, 21, 22], "summary": {"covered_lines": 17, "num_statements": 17, "percent_covered": 100.0, "percent_covered_display": "100", "missing_lines": 0, "excluded_lines": 0, "percent_statements_covered": 100.0, "percent_statements_covered_display": "100", "num_branches": 4, "num_partial_branches": 0, "covered_branches": 4, "missing_branches": 0, "percent_branches_covered": 100.0, "percent_branches_covered_display": "100"}, "missing_lines": [], "excluded_lines": [], "executed_branches": [[9, 10], [9, 11], [19, 20], [19, 21]], "missing_branches": [], "functions": {"backup_sqlite_database": {"executed_lines": [9, 10, 11, 12, 13, 14, 15], "summary": {"covered_lines": 7, "num_statements": 7, "percent_covered": 100.0, "percent_covered_display": "100", "missing_lines": 0, "excluded_lines": 0, "percent_statements_covered": 100.0, "percent_statements_covered_display": "100", "num_branches": 2, "num_partial_branches": 0, "covered_branches": 2, "missing_branches": 0, "percent_branches_covered": 100.0, "percent_branches_covered_display": "100"}, "missing_lines": [], "excluded_lines": [], "start_line": 8, "executed_branches": [[9, 10], [9, 11]], "missing_branches": []}, "restore_sqlite_database": {"executed_lines": [19, 20, 21, 22], "summary": {"covered_lines": 4, "num_statements": 4, "percent_covered": 100.0, "percent_covered_display": "100", "missing_lines": 0, "excluded_lines": 0, "percent_statements_covered": 100.0, "percent_statements_covered_display": "100", "num_branches": 2, "num_partial_branches": 0, "covered_branches": 2, "missing_branches": 0, "percent_branches_covered": 100.0, "percent_branches_covered_display": "100"}, "missing_lines": [], "excluded_lines": [], "start_line": 18, "executed_branches": [[19, 20], [19, 21]], "missing_branches": []}, "": {"executed_lines": [1, 3, 4, 5, 8, 18], "summary": {"covered_lines": 6, "num_statements": 6, "percent_covered": 100.0, "percent_covered_display": "100", "missing_lines": 0, "excluded_lines": 0, "percent_statements_covered": 100.0, "percent_statements_covered_display": "100", "num_branches": 0, "num_partial_branches": 0, "covered_branches": 0, "missing_branches": 0, "percent_branches_covered": 100.0, "percent_branches_covered_display": "100"}, "missing_lines": [], "excluded_lines": [], "start_line": 1, "executed_branches": [], "missing_branches": []}}, "classes": {"": {"executed_lines": [1, 3, 4, 5, 8, 9, 10, 11, 12, 13, 14, 15, 18, 19, 20, 21, 22], "summary": {"covered_lines": 17, "num_statements": 17, "percent_covered": 100.0, "percent_covered_display": "100", "missing_lines": 0, "excluded_lines": 0, "percent_statements_covered": 100.0, "percent_statements_covered_display": "100", "num_branches": 4, "num_partial_branches": 0, "covered_branches": 4, "missing_branches": 0, "percent_branches_covered": 100.0, "percent_branches_covered_display": "100"}, "missing_lines": [], "excluded_lines": [], "start_line": 1, "executed_branches": [[9, 10], [9, 11], [19, 20], [19, 21]], "missing_branches": []}}}, "src/sts_monitor/claim_verification.py": {"executed_lines": [10, 12, 13, 14, 15, 16, 18, 21, 22, 24, 25, 26, 27, 28, 29, 30, 31, 33, 34, 46, 47, 49, 50, 51, 52, 53, 54, 55, 58, 59, 61, 62, 63, 64, 65, 66, 67, 68, 69, 70, 72, 73, 88, 91, 95, 97, 98, 99, 100, 101, 102, 103, 104, 107, 109, 110, 111, 112, 113, 116, 118, 119, 120, 121, 122, 123, 124, 125, 127, 128, 129, 131, 132, 133, 134, 135, 136, 146, 147, 150, 152, 153, 154, 157, 158, 160, 161, 163, 164, 165, 166, 171, 176, 177, 178, 179, 180, 181, 182, 183, 184, 185, 186, 187, 188, 189, 190, 192, 193, 194, 195, 197, 209, 211, 212, 217, 229, 230, 232, 233, 234, 235, 236, 237, 238, 239, 240, 241, 242, 243, 244, 246, 247, 249, 259, 260, 261, 264, 272, 274, 275, 276, 279, 280, 282, 284], "summary": {"covered_lines": 146, "num_statements": 148, "percent_covered": 95.65217391304348, "percent_covered_display": "96", "missing_lines": 2, "excluded_lines": 0, "percent_statements_covered": 98.64864864864865, "percent_statements_covered_display": "99", "num_branches": 36, "num_partial_branches": 6, "covered_branches": 30, "missing_branches": 6, "percent_branches_covered": 83.33333333333333, "percent_branches_covered_display": "83"}, "missing_lines": [130, 277], "excluded_lines": [], "executed_branches": [[100, 101], [100, 102], [102, 103], [102, 104], [119, 120], [119, 127], [121, 122], [121, 123], [124, 119], [124, 125], [128, 129], [128, 146], [129, 131], [163, 164], [163, 176], [176, 177], [176, 181], [181, 182], [181, 186], [186, 187], [186, 192], [234, 235], [235, 236], [238, 239], [239, 238], [239, 240], [242, 243], [275, 276], [275, 282], [276, 279]], "missing_branches": [[129, 130], [234, 238], [235, 234], [238, 246], [242, 238], [276, 277]], "functions": {"VerificationResult.to_dict": {"executed_lines": [34], "summary": {"covered_lines": 1, "num_statements": 1, "percent_covered": 100.0, "percent_covered_display": "100", "missing_lines": 0, "excluded_lines": 0, "percent_statements_covered": 100.0, "percent_statements_covered_display": "100", "num_branches": 0, "num_partial_branches": 0, "covered_branches": 0, "missing_branches": 0, "percent_branches_covered": 100.0, "percent_branches_covered_display": "100"}, "missing_lines": [], "excluded_lines": [], "start_line": 33, "executed_branches": [], "missing_branches": []}, "VerificationReport.to_dict": {"executed_lines": [73], "summary": {"covered_lines": 1, "num_statements": 1, "percent_covered": 100.0, "percent_covered_display": "100", "missing_lines": 0, "excluded_lines": 0, "percent_statements_covered": 100.0, "percent_statements_covered_display": "100", "num_branches": 0, "num_partial_branches": 0, "covered_branches": 0, "missing_branches": 0, "percent_branches_covered": 100.0, "percent_branches_covered_display": "100"}, "missing_lines": [], "excluded_lines": [], "start_line": 72, "executed_branches": [], "missing_branches": []}, "_claim_sentiment": {"executed_lines": [97, 98, 99, 100, 101, 102, 103, 104], "summary": {"covered_lines": 8, "num_statements": 8, "percent_covered": 100.0, "percent_covered_display": "100", "missing_lines": 0, "excluded_lines": 0, "percent_statements_covered": 100.0, "percent_statements_covered_display": "100", "num_branches": 4, "num_partial_branches": 0, "covered_branches": 4, "missing_branches": 0, "percent_branches_covered": 100.0, "percent_branches_covered_display": "100"}, "missing_lines": [], "excluded_lines": [], "start_line": 95, "executed_branches": [[100, 101], [100, 102], [102, 103], [102, 104]], "missing_branches": []}, "_normalize_for_grouping": {"executed_lines": [109, 110, 111, 112, 113], "summary": {"covered_lines": 5, "num_statements": 5, "percent_covered": 100.0, "percent_covered_display": "100", "missing_lines": 0, "excluded_lines": 0, "percent_statements_covered": 100.0, "percent_statements_covered_display": "100", "num_branches": 0, "num_partial_branches": 0, "covered_branches": 0, "missing_branches": 0, "percent_branches_covered": 100.0, "percent_branches_covered_display": "100"}, "missing_lines": [], "excluded_lines": [], "start_line": 107, "executed_branches": [], "missing_branches": []}, "_group_claims": {"executed_lines": [118, 119, 120, 121, 122, 123, 124, 125, 127, 128, 129, 131, 132, 133, 134, 135, 136, 146, 147], "summary": {"covered_lines": 19, "num_statements": 20, "percent_covered": 93.33333333333333, "percent_covered_display": "93", "missing_lines": 1, "excluded_lines": 0, "percent_statements_covered": 95.0, "percent_statements_covered_display": "95", "num_branches": 10, "num_partial_branches": 1, "covered_branches": 9, "missing_branches": 1, "percent_branches_covered": 90.0, "percent_branches_covered_display": "90"}, "missing_lines": [130], "excluded_lines": [], "start_line": 116, "executed_branches": [[119, 120], [119, 127], [121, 122], [121, 123], [124, 119], [124, 125], [128, 129], [128, 146], [129, 131]], "missing_branches": [[129, 130]]}, "_verify_heuristic": {"executed_lines": [152, 153, 154, 157, 158, 160, 161, 163, 164, 165, 166, 171, 176, 177, 178, 179, 180, 181, 182, 183, 184, 185, 186, 187, 188, 189, 190, 192, 193, 194, 195, 197], "summary": {"covered_lines": 32, "num_statements": 32, "percent_covered": 100.0, "percent_covered_display": "100", "missing_lines": 0, "excluded_lines": 0, "percent_statements_covered": 100.0, "percent_statements_covered_display": "100", "num_branches": 8, "num_partial_branches": 0, "covered_branches": 8, "missing_branches": 0, "percent_branches_covered": 100.0, "percent_branches_covered_display": "100"}, "missing_lines": [], "excluded_lines": [], "start_line": 150, "executed_branches": [[163, 164], [163, 176], [176, 177], [176, 181], [181, 182], [181, 186], [186, 187], [186, 192]], "missing_branches": []}, "_verify_with_llm": {"executed_lines": [211, 212, 217, 229, 230, 232, 233, 234, 235, 236, 237, 238, 239, 240, 241, 242, 243, 244, 246, 247, 249, 259, 260, 261], "summary": {"covered_lines": 24, "num_statements": 24, "percent_covered": 88.23529411764706, "percent_covered_display": "88", "missing_lines": 0, "excluded_lines": 0, "percent_statements_covered": 100.0, "percent_statements_covered_display": "100", "num_branches": 10, "num_partial_branches": 4, "covered_branches": 6, "missing_branches": 4, "percent_branches_covered": 60.0, "percent_branches_covered_display": "60"}, "missing_lines": [], "excluded_lines": [], "start_line": 209, "executed_branches": [[234, 235], [235, 236], [238, 239], [239, 238], [239, 240], [242, 243]], "missing_branches": [[234, 238], [235, 234], [238, 246], [242, 238]]}, "verify_investigation_claims": {"executed_lines": [272, 274, 275, 276, 279, 280, 282, 284], "summary": {"covered_lines": 8, "num_statements": 9, "percent_covered": 84.61538461538461, "percent_covered_display": "85", "missing_lines": 1, "excluded_lines": 0, "percent_statements_covered": 88.88888888888889, "percent_statements_covered_display": "89", "num_branches": 4, "num_partial_branches": 1, "covered_branches": 3, "missing_branches": 1, "percent_branches_covered": 75.0, "percent_branches_covered_display": "75"}, "missing_lines": [277], "excluded_lines": [], "start_line": 264, "executed_branches": [[275, 276], [275, 282], [276, 279]], "missing_branches": [[276, 277]]}, "": {"executed_lines": [10, 12, 13, 14, 15, 16, 18, 21, 22, 24, 25, 26, 27, 28, 29, 30, 31, 33, 46, 47, 49, 50, 51, 52, 53, 54, 55, 58, 59, 61, 62, 63, 64, 65, 66, 67, 68, 69, 70, 72, 88, 91, 95, 107, 116, 150, 209, 264], "summary": {"covered_lines": 48, "num_statements": 48, "percent_covered": 100.0, "percent_covered_display": "100", "missing_lines": 0, "excluded_lines": 0, "percent_statements_covered": 100.0, "percent_statements_covered_display": "100", "num_branches": 0, "num_partial_branches": 0, "covered_branches": 0, "missing_branches": 0, "percent_branches_covered": 100.0, "percent_branches_covered_display": "100"}, "missing_lines": [], "excluded_lines": [], "start_line": 1, "executed_branches": [], "missing_branches": []}}, "classes": {"VerificationResult": {"executed_lines": [34], "summary": {"covered_lines": 1, "num_statements": 1, "percent_covered": 100.0, "percent_covered_display": "100", "missing_lines": 0, "excluded_lines": 0, "percent_statements_covered": 100.0, "percent_statements_covered_display": "100", "num_branches": 0, "num_partial_branches": 0, "covered_branches": 0, "missing_branches": 0, "percent_branches_covered": 100.0, "percent_branches_covered_display": "100"}, "missing_lines": [], "excluded_lines": [], "start_line": 22, "executed_branches": [], "missing_branches": []}, "ClaimCluster": {"executed_lines": [], "summary": {"covered_lines": 0, "num_statements": 0, "percent_covered": 100.0, "percent_covered_display": "100", "missing_lines": 0, "excluded_lines": 0, "percent_statements_covered": 100.0, "percent_statements_covered_display": "100", "num_branches": 0, "num_partial_branches": 0, "covered_branches": 0, "missing_branches": 0, "percent_branches_covered": 100.0, "percent_branches_covered_display": "100"}, "missing_lines": [], "excluded_lines": [], "start_line": 47, "executed_branches": [], "missing_branches": []}, "VerificationReport": {"executed_lines": [73], "summary": {"covered_lines": 1, "num_statements": 1, "percent_covered": 100.0, "percent_covered_display": "100", "missing_lines": 0, "excluded_lines": 0, "percent_statements_covered": 100.0, "percent_statements_covered_display": "100", "num_branches": 0, "num_partial_branches": 0, "covered_branches": 0, "missing_branches": 0, "percent_branches_covered": 100.0, "percent_branches_covered_display": "100"}, "missing_lines": [], "excluded_lines": [], "start_line": 59, "executed_branches": [], "missing_branches": []}, "": {"executed_lines": [10, 12, 13, 14, 15, 16, 18, 21, 22, 24, 25, 26, 27, 28, 29, 30, 31, 33, 46, 47, 49, 50, 51, 52, 53, 54, 55, 58, 59, 61, 62, 63, 64, 65, 66, 67, 68, 69, 70, 72, 88, 91, 95, 97, 98, 99, 100, 101, 102, 103, 104, 107, 109, 110, 111, 112, 113, 116, 118, 119, 120, 121, 122, 123, 124, 125, 127, 128, 129, 131, 132, 133, 134, 135, 136, 146, 147, 150, 152, 153, 154, 157, 158, 160, 161, 163, 164, 165, 166, 171, 176, 177, 178, 179, 180, 181, 182, 183, 184, 185, 186, 187, 188, 189, 190, 192, 193, 194, 195, 197, 209, 211, 212, 217, 229, 230, 232, 233, 234, 235, 236, 237, 238, 239, 240, 241, 242, 243, 244, 246, 247, 249, 259, 260, 261, 264, 272, 274, 275, 276, 279, 280, 282, 284], "summary": {"covered_lines": 144, "num_statements": 146, "percent_covered": 95.6043956043956, "percent_covered_display": "96", "missing_lines": 2, "excluded_lines": 0, "percent_statements_covered": 98.63013698630137, "percent_statements_covered_display": "99", "num_branches": 36, "num_partial_branches": 6, "covered_branches": 30, "missing_branches": 6, "percent_branches_covered": 83.33333333333333, "percent_branches_covered_display": "83"}, "missing_lines": [130, 277], "excluded_lines": [], "start_line": 1, "executed_branches": [[100, 101], [100, 102], [102, 103], [102, 104], [119, 120], [119, 127], [121, 122], [121, 123], [124, 119], [124, 125], [128, 129], [128, 146], [129, 131], [163, 164], [163, 176], [176, 177], [176, 181], [181, 182], [181, 186], [186, 187], [186, 192], [234, 235], [235, 236], [238, 239], [239, 238], [239, 240], [242, 243], [275, 276], [275, 282], [276, 279]], "missing_branches": [[129, 130], [234, 238], [235, 234], [238, 246], [242, 238], [276, 277]]}}}, "src/sts_monitor
[...]
covered_display": "99", "missing_lines": 0, "excluded_lines": 0, "percent_statements_covered": 100.0, "percent_statements_covered_display": "100", "num_branches": 18, "num_partial_branches": 1, "covered_branches": 17, "missing_branches": 1, "percent_branches_covered": 94.44444444444444, "percent_branches_covered_display": "94"}, "missing_lines": [], "excluded_lines": [], "executed_branches": [[28, 29], [136, 137], [136, 139], [147, 148], [147, 155], [148, 149], [148, 150], [150, 151], [150, 152], [152, 147], [152, 153], [175, 176], [175, 179], [180, 181], [180, 193], [194, 195], [194, 208]], "missing_branches": [[28, 30]], "functions": {"run_full_workflow_simulation": {"executed_lines": [5, 7, 9, 10, 12, 13, 15, 16, 18, 20, 32, 33, 35, 36, 37, 39, 44, 46, 47, 49, 54, 56, 61, 63, 64, 66, 77, 79, 80, 82, 83, 85, 90, 92, 93, 95, 96, 98, 99, 101, 102, 104, 109, 111, 112, 114, 115, 117, 118, 120, 121, 123, 124, 126, 127, 129, 130, 131], "summary": {"covered_lines": 58, "num_statements": 58, "percent_covered": 100.0, "percent_covered_display": "100", "missing_lines": 0, "excluded_lines": 0, "percent_statements_covered": 100.0, "percent_statements_covered_display": "100", "num_branches": 0, "num_partial_branches": 0, "covered_branches": 0, "missing_branches": 0, "percent_branches_covered": 100.0, "percent_branches_covered_display": "100"}, "missing_lines": [], "excluded_lines": [], "start_line": 4, "executed_branches": [], "missing_branches": []}, "run_full_workflow_simulation.check": {"executed_lines": [21, 22, 28, 29, 30], "summary": {"covered_lines": 5, "num_statements": 5, "percent_covered": 85.71428571428571, "percent_covered_display": "86", "missing_lines": 0, "excluded_lines": 0, "percent_statements_covered": 100.0, "percent_statements_covered_display": "100", "num_branches": 2, "num_partial_branches": 1, "covered_branches": 1, "missing_branches": 1, "percent_branches_covered": 50.0, "percent_branches_covered_display": "50"}, "missing_lines": [], "excluded_lines": [], "start_line": 20, "executed_branches": [[28, 29]], "missing_branches": [[28, 30]]}, "summarize_simulation": {"executed_lines": [135, 136, 137, 139, 145, 146, 147, 148, 149, 150, 151, 152, 153, 155], "summary": {"covered_lines": 14, "num_statements": 14, "percent_covered": 100.0, "percent_covered_display": "100", "missing_lines": 0, "excluded_lines": 0, "percent_statements_covered": 100.0, "percent_statements_covered_display": "100", "num_branches": 10, "num_partial_branches": 0, "covered_branches": 10, "missing_branches": 0, "percent_branches_covered": 100.0, "percent_branches_covered_display": "100"}, "missing_lines": [], "excluded_lines": [], "start_line": 134, "executed_branches": [[136, 137], [136, 139], [147, 148], [147, 155], [148, 149], [148, 150], [150, 151], [150, 152], [152, 147], [152, 153]], "missing_branches": []}, "format_simulation_report": {"executed_lines": [165, 166, 168, 175, 176, 177, 179, 180, 181, 182, 183, 193, 194, 195, 208, 215], "summary": {"covered_lines": 16, "num_statements": 16, "percent_covered": 100.0, "percent_covered_display": "100", "missing_lines": 0, "excluded_lines": 0, "percent_statements_covered": 100.0, "percent_statements_covered_display": "100", "num_branches": 6, "num_partial_branches": 0, "covered_branches": 6, "missing_branches": 0, "percent_branches_covered": 100.0, "percent_branches_covered_display": "100"}, "missing_lines": [], "excluded_lines": [], "start_line": 164, "executed_branches": [[175, 176], [175, 179], [180, 181], [180, 193], [194, 195], [194, 208]], "missing_branches": []}, "": {"executed_lines": [1, 4, 134, 164], "summary": {"covered_lines": 4, "num_statements": 4, "percent_covered": 100.0, "percent_covered_display": "100", "missing_lines": 0, "excluded_lines": 0, "percent_statements_covered": 100.0, "percent_statements_covered_display": "100", "num_branches": 0, "num_partial_branches": 0, "covered_branches": 0, "missing_branches": 0, "percent_branches_covered": 100.0, "percent_branches_covered_display": "100"}, "missing_lines": [], "excluded_lines": [], "start_line": 1, "executed_branches": [], "missing_branches": []}}, "classes": {"": {"executed_lines": [1, 4, 5, 7, 9, 10, 12, 13, 15, 16, 18, 20, 21, 22, 28, 29, 30, 32, 33, 35, 36, 37, 39, 44, 46, 47, 49, 54, 56, 61, 63, 64, 66, 77, 79, 80, 82, 83, 85, 90, 92, 93, 95, 96, 98, 99, 101, 102, 104, 109, 111, 112, 114, 115, 117, 118, 120, 121, 123, 124, 126, 127, 129, 130, 131, 134, 135, 136, 137, 139, 145, 146, 147, 148, 149, 150, 151, 152, 153, 155, 164, 165, 166, 168, 175, 176, 177, 179, 180, 181, 182, 183, 193, 194, 195, 208, 215], "summary": {"covered_lines": 97, "num_statements": 97, "percent_covered": 99.1304347826087, "percent_covered_display": "99", "missing_lines": 0, "excluded_lines": 0, "percent_statements_covered": 100.0, "percent_statements_covered_display": "100", "num_branches": 18, "num_partial_branches": 1, "covered_branches": 17, "missing_branches": 1, "percent_branches_covered": 94.44444444444444, "percent_branches_covered_display": "94"}, "missing_lines": [], "excluded_lines": [], "start_line": 1, "executed_branches": [[28, 29], [136, 137], [136, 139], [147, 148], [147, 155], [148, 149], [148, 150], [150, 151], [150, 152], [152, 147], [152, 153], [175, 176], [175, 179], [180, 181], [180, 193], [194, 195], [194, 208]], "missing_branches": [[28, 30]]}}}, "src/sts_monitor/webhook_ingest.py": {"executed_lines": [12, 14, 15, 16, 17, 18, 20, 23, 29, 30, 31, 32, 33, 34, 35, 38, 51, 54, 55, 56, 57, 60, 61, 62, 69, 72, 73, 74, 82, 85, 86, 89, 91, 103, 104, 106, 107, 108, 109, 110, 111, 112], "summary": {"covered_lines": 42, "num_statements": 43, "percent_covered": 96.72131147540983, "percent_covered_display": "97", "missing_lines": 1, "excluded_lines": 0, "percent_statements_covered": 97.67441860465117, "percent_statements_covered_display": "98", "num_branches": 18, "num_partial_branches": 1, "covered_branches": 17, "missing_branches": 1, "percent_branches_covered": 94.44444444444444, "percent_branches_covered_display": "94"}, "missing_lines": [105], "excluded_lines": [], "executed_branches": [[29, 30], [29, 31], [33, 34], [33, 35], [54, 55], [54, 60], [55, 56], [55, 57], [60, 61], [60, 72], [61, 62], [61, 69], [72, 73], [72, 85], [104, 106], [106, 107], [106, 112]], "missing_branches": [[104, 105]], "functions": {"validate_webhook_signature": {"executed_lines": [29, 30, 31, 32, 33, 34, 35], "summary": {"covered_lines": 7, "num_statements": 7, "percent_covered": 100.0, "percent_covered_display": "100", "missing_lines": 0, "excluded_lines": 0, "percent_statements_covered": 100.0, "percent_statements_covered_display": "100", "num_branches": 4, "num_partial_branches": 0, "covered_branches": 4, "missing_branches": 0, "percent_branches_covered": 100.0, "percent_branches_covered_display": "100"}, "missing_lines": [], "excluded_lines": [], "start_line": 23, "executed_branches": [[29, 30], [29, 31], [33, 34], [33, 35]], "missing_branches": []}, "normalize_webhook_payload": {"executed_lines": [51, 54, 55, 56, 57, 60, 61, 62, 69, 72, 73, 74, 82, 85, 86], "summary": {"covered_lines": 15, "num_statements": 15, "percent_covered": 100.0, "percent_covered_display": "100", "missing_lines": 0, "excluded_lines": 0, "percent_statements_covered": 100.0, "percent_statements_covered_display": "100", "num_branches": 10, "num_partial_branches": 0, "covered_branches": 10, "missing_branches": 0, "percent_branches_covered": 100.0, "percent_branches_covered_display": "100"}, "missing_lines": [], "excluded_lines": [], "start_line": 38, "executed_branches": [[54, 55], [54, 60], [55, 56], [55, 57], [60, 61], [60, 72], [61, 62], [61, 69], [72, 73], [72, 85]], "missing_branches": []}, "_normalize_single": {"executed_lines": [91], "summary": {"covered_lines": 1, "num_statements": 1, "percent_covered": 100.0, "percent_covered_display": "100", "missing_lines": 0, "excluded_lines": 0, "percent_statements_covered": 100.0, "percent_statements_covered_display": "100", "num_branches": 0, "num_partial_branches": 0, "covered_branches": 0, "missing_branches": 0, "percent_branches_covered": 100.0, "percent_branches_covered_display": "100"}, "missing_lines": [], "excluded_lines": [], "start_line": 89, "executed_branches": [], "missing_branches": []}, "_parse_ts": {"executed_lines": [104, 106, 107, 108, 109, 110, 111, 112], "summary": {"covered_lines": 8, "num_statements": 9, "percent_covered": 84.61538461538461, "percent_covered_display": "85", "missing_lines": 1, "excluded_lines": 0, "percent_statements_covered": 88.88888888888889, "percent_statements_covered_display": "89", "num_branches": 4, "num_partial_branches": 1, "covered_branches": 3, "missing_branches": 1, "percent_branches_covered": 75.0, "percent_branches_covered_display": "75"}, "missing_lines": [105], "excluded_lines": [], "start_line": 103, "executed_branches": [[104, 106], [106, 107], [106, 112]], "missing_branches": [[104, 105]]}, "": {"executed_lines": [12, 14, 15, 16, 17, 18, 20, 23, 38, 89, 103], "summary": {"covered_lines": 11, "num_statements": 11, "percent_covered": 100.0, "percent_covered_display": "100", "missing_lines": 0, "excluded_lines": 0, "percent_statements_covered": 100.0, "percent_statements_covered_display": "100", "num_branches": 0, "num_partial_branches": 0, "covered_branches": 0, "missing_branches": 0, "percent_branches_covered": 100.0, "percent_branches_covered_display": "100"}, "missing_lines": [], "excluded_lines": [], "start_line": 1, "executed_branches": [], "missing_branches": []}}, "classes": {"": {"executed_lines": [12, 14, 15, 16, 17, 18, 20, 23, 29, 30, 31, 32, 33, 34, 35, 38, 51, 54, 55, 56, 57, 60, 61, 62, 69, 72, 73, 74, 82, 85, 86, 89, 91, 103, 104, 106, 107, 108, 109, 110, 111, 112], "summary": {"covered_lines": 42, "num_statements": 43, "percent_covered": 96.72131147540983, "percent_covered_display": "97", "missing_lines": 1, "excluded_lines": 0, "percent_statements_covered": 97.67441860465117, "percent_statements_covered_display": "98", "num_branches": 18, "num_partial_branches": 1, "covered_branches": 17, "missing_branches": 1, "percent_branches_covered": 94.44444444444444, "percent_branches_covered_display": "94"}, "missing_lines": [105], "excluded_lines": [], "start_line": 1, "executed_branches": [[29, 30], [29, 31], [33, 34], [33, 35], [54, 55], [54, 60], [55, 56], [55, 57], [60, 61], [60, 72], [61, 62], [61, 69], [72, 73], [72, 85], [104, 106], [106, 107], [106, 112]], "missing_branches": [[104, 105]]}}}, "src/sts_monitor/websocket.py": {"executed_lines": [8, 10, 11, 12, 13, 14, 16, 18, 20, 23, 26, 27, 29, 30, 31, 33, 34, 35, 44, 45, 46, 51, 53, 54, 55, 57, 59, 60, 62, 67, 68, 70, 71, 72, 73, 74, 75, 76, 77, 78, 79, 81, 82, 84, 86, 88, 89, 90, 91, 92, 94, 96, 97, 99, 100, 101, 102, 103, 104, 109, 110, 111, 112, 114, 115, 122, 129, 132, 134, 137, 138, 140, 141, 142, 143, 144, 145, 147, 148, 149, 152, 154, 155, 156], "summary": {"covered_lines": 84, "num_statements": 84, "percent_covered": 99.01960784313725, "percent_covered_display": "99", "missing_lines": 0, "excluded_lines": 0, "percent_statements_covered": 100.0, "percent_statements_covered_display": "100", "num_branches": 18, "num_partial_branches": 1, "covered_branches": 17, "missing_branches": 1, "percent_branches_covered": 94.44444444444444, "percent_branches_covered_display": "94"}, "missing_lines": [], "excluded_lines": [], "executed_branches": [[59, 60], [59, 62], [70, 71], [70, 81], [72, 73], [72, 74], [81, 82], [81, 84], [96, 97], [96, 99], [99, 100], [99, 109], [101, 102], [109, 110], [109, 114], [114, 115], [114, 122]], "missing_branches": [[101, -86]], "functions": {"ConnectionManager.__init__": {"executed_lines": [27], "summary": {"covered_lines": 1, "num_statements": 1, "percent_covered": 100.0, "percent_covered_display": "100", "missing_lines": 0, "excluded_lines": 0, "percent_statements_covered": 100.0, "percent_statements_covered_display": "100", "num_branches": 0, "num_partial_branches": 0, "covered_branches": 0, "missing_branches": 0, "percent_branches_covered": 100.0, "percent_branches_covered_display": "100"}, "missing_lines": [], "excluded_lines": [], "start_line": 26, "executed_branches": [], "missing_branches": []}, "ConnectionManager.active_count": {"executed_lines": [31], "summary": {"covered_lines": 1, "num_statements": 1, "percent_covered": 100.0, "percent_covered_display": "100", "missing_lines": 0, "excluded_lines": 0, "percent_statements_covered": 100.0, "percent_statements_covered_display": "100", "num_branches": 0, "num_partial_branches": 0, "covered_branches": 0, "missing_branches": 0, "percent_branches_covered": 100.0, "percent_branches_covered_display": "100"}, "missing_lines": [], "excluded_lines": [], "start_line": 30, "executed_branches": [], "missing_branches": []}, "ConnectionManager.connections_info": {"executed_lines": [35], "summary": {"covered_lines": 1, "num_statements": 1, "percent_covered": 100.0, "percent_covered_display": "100", "missing_lines": 0, "excluded_lines": 0, "percent_statements_covered": 100.0, "percent_statements_covered_display": "100", "num_branches": 0, "num_partial_branches": 0, "covered_branches": 0, "missing_branches": 0, "percent_branches_covered": 100.0, "percent_branches_covered_display": "100"}, "missing_lines": [], "excluded_lines": [], "start_line": 34, "executed_branches": [], "missing_branches": []}, "ConnectionManager.connect": {"executed_lines": [45, 46, 51], "summary": {"covered_lines": 3, "num_statements": 3, "percent_covered": 100.0, "percent_covered_display": "100", "missing_lines": 0, "excluded_lines": 0, "percent_statements_covered": 100.0, "percent_statements_covered_display": "100", "num_branches": 0, "num_partial_branches": 0, "covered_branches": 0, "missing_branches": 0, "percent_branches_covered": 100.0, "percent_branches_covered_display": "100"}, "missing_lines": [], "excluded_lines": [], "start_line": 44, "executed_branches": [], "missing_branches": []}, "ConnectionManager.disconnect": {"executed_lines": [54, 55], "summary": {"covered_lines": 2, "num_statements": 2, "percent_covered": 100.0, "percent_covered_display": "100", "missing_lines": 0, "excluded_lines": 0, "percent_statements_covered": 100.0, "percent_statements_covered_display": "100", "num_branches": 0, "num_partial_branches": 0, "covered_branches": 0, "missing_branches": 0, "percent_branches_covered": 100.0, "percent_branches_covered_display": "100"}, "missing_lines": [], "excluded_lines": [], "start_line": 53, "executed_branches": [], "missing_branches": []}, "ConnectionManager.broadcast": {"executed_lines": [59, 60, 62, 67, 68, 70, 71, 72, 73, 74, 75, 76, 77, 78, 79, 81, 82, 84], "summary": {"covered_lines": 18, "num_statements": 18, "percent_covered": 100.0, "percent_covered_display": "100", "missing_lines": 0, "excluded_lines": 0, "percent_statements_covered": 100.0, "percent_statements_covered_display": "100", "num_branches": 8, "num_partial_branches": 0, "covered_branches": 8, "missing_branches": 0, "percent_branches_covered": 100.0, "percent_branches_covered_display": "100"}, "missing_lines": [], "excluded_lines": [], "start_line": 57, "executed_branches": [[59, 60], [59, 62], [70, 71], [70, 81], [72, 73], [72, 74], [81, 82], [81, 84]], "missing_branches": []}, "ConnectionManager.handle_client_message": {"executed_lines": [88, 89, 90, 91, 92, 94, 96, 97, 99, 100, 101, 102, 103, 104, 109, 110, 111, 112, 114, 115, 122], "summary": {"covered_lines": 21, "num_statements": 21, "percent_covered": 96.7741935483871, "percent_covered_display": "97", "missing_lines": 0, "excluded_lines": 0, "percent_statements_covered": 100.0, "percent_statements_covered_display": "100", "num_branches": 10, "num_partial_branches": 1, "covered_branches": 9, "missing_branches": 1, "percent_branches_covered": 90.0, "percent_branches_covered_display": "90"}, "missing_lines": [], "excluded_lines": [], "start_line": 86, "executed_branches": [[96, 97], [96, 99], [99, 100], [99, 109], [101, 102], [109, 110], [109, 114], [114, 115], [114, 122]], "missing_branches": [[101, -86]]}, "websocket_endpoint": {"executed_lines": [134, 137, 138, 140, 141, 142, 143, 144, 145, 147, 148, 149], "summary": {"covered_lines": 12, "num_statements": 12, "percent_covered": 100.0, "percent_covered_display": "100", "missing_lines": 0, "excluded_lines": 0, "percent_statements_covered": 100.0, "percent_statements_covered_display": "100", "num_branches": 0, "num_partial_branches": 0, "covered_branches": 0, "missing_branches": 0, "percent_branches_covered": 100.0, "percent_branches_covered_display": "100"}, "missing_lines": [], "excluded_lines": [], "start_line": 132, "executed_branches": [], "missing_branches": []}, "_relay_events": {"executed_lines": [154, 155, 156], "summary": {"covered_lines": 3, "num_statements": 3, "percent_covered": 100.0, "percent_covered_display": "100", "missing_lines": 0, "excluded_lines": 0, "percent_statements_covered": 100.0, "percent_statements_covered_display": "100", "num_branches": 0, "num_partial_branches": 0, "covered_branches": 0, "missing_branches": 0, "percent_branches_covered": 100.0, "percent_branches_covered_display": "100"}, "missing_lines": [], "excluded_lines": [], "start_line": 152, "executed_branches": [], "missing_branches": []}, "": {"executed_lines": [8, 10, 11, 12, 13, 14, 16, 18, 20, 23, 26, 29, 30, 33, 34, 44, 53, 57, 86, 129, 132, 152], "summary": {"covered_lines": 22, "num_statements": 22, "percent_covered": 100.0, "percent_covered_display": "100", "missing_lines": 0, "excluded_lines": 0, "percent_statements_covered": 100.0, "percent_statements_covered_display": "100", "num_branches": 0, "num_partial_branches": 0, "covered_branches": 0, "missing_branches": 0, "percent_branches_covered": 100.0, "percent_branches_covered_display": "100"}, "missing_lines": [], "excluded_lines": [], "start_line": 1, "executed_branches": [], "missing_branches": []}}, "classes": {"ConnectionManager": {"executed_lines": [27, 31, 35, 45, 46, 51, 54, 55, 59, 60, 62, 67, 68, 70, 71, 72, 73, 74, 75, 76, 77, 78, 79, 81, 82, 84, 88, 89, 90, 91, 92, 94, 96, 97, 99, 100, 101, 102, 103, 104, 109, 110, 111, 112, 114, 115, 122], "summary": {"covered_lines": 47, "num_statements": 47, "percent_covered": 98.46153846153847, "percent_covered_display": "98", "missing_lines": 0, "excluded_lines": 0, "percent_statements_covered": 100.0, "percent_statements_covered_display": "100", "num_branches": 18, "num_partial_branches": 1, "covered_branches": 17, "missing_branches": 1, "percent_branches_covered": 94.44444444444444, "percent_branches_covered_display": "94"}, "missing_lines": [], "excluded_lines": [], "start_line": 23, "executed_branches": [[59, 60], [59, 62], [70, 71], [70, 81], [72, 73], [72, 74], [81, 82], [81, 84], [96, 97], [96, 99], [99, 100], [99, 109], [101, 102], [109, 110], [109, 114], [114, 115], [114, 122]], "missing_branches": [[101, -86]]}, "": {"executed_lines": [8, 10, 11, 12, 13, 14, 16, 18, 20, 23, 26, 29, 30, 33, 34, 44, 53, 57, 86, 129, 132, 134, 137, 138, 140, 141, 142, 143, 144, 145, 147, 148, 149, 152, 154, 155, 156], "summary": {"covered_lines": 37, "num_statements": 37, "percent_covered": 100.0, "percent_covered_display": "100", "missing_lines": 0, "excluded_lines": 0, "percent_statements_covered": 100.0, "percent_statements_covered_display": "100", "num_branches": 0, "num_partial_branches": 0, "covered_branches": 0, "missing_branches": 0, "percent_branches_covered": 100.0, "percent_branches_covered_display": "100"}, "missing_lines": [], "excluded_lines": [], "start_line": 1, "executed_branches": [], "missing_branches": []}}}}, "totals": {"covered_lines": 10695, "num_statements": 10962, "percent_covered": 96.42652535090232, "percent_covered_display": "96", "missing_lines": 267, "excluded_lines": 4, "percent_statements_covered": 97.56431308155446, "percent_statements_covered_display": "98", "num_branches": 3002, "num_partial_branches": 204, "covered_branches": 2770, "missing_branches": 232, "percent_branches_covered": 92.27181878747501, "percent_branches_covered_display": "92"}}